2016-11-26 17:37:51.390-[INFO ] main AbstractShareServer - server initializing...
2016-11-26 17:37:52.073-[INFO ] main HibernateSessionFactory - using internal hibernate.cfg.xml
2016-11-26 17:37:52.075-[DEBUG] main HibernateSessionFactory - replacing hibernate.connection.url with jdbc:mysql://localhost:3306/sharing
2016-11-26 17:37:52.076-[DEBUG] main HibernateSessionFactory - replacing hibernate.connection.driver_class with com.mysql.jdbc.Driver
2016-11-26 17:37:52.077-[DEBUG] main HibernateSessionFactory - replacing hibernate.connection.username with root
2016-11-26 17:37:52.078-[DEBUG] main HibernateSessionFactory - replacing hibernate.connection.password with root
2016-11-26 17:37:53.162-[INFO ] main AbstractShareServer - initialing procedures...
2016-11-26 17:37:53.270-[INFO ] main AbstractShareServer - Procedure ShareService#getShare mapped
2016-11-26 17:37:53.271-[INFO ] main AbstractShareServer - Procedure ShareService#getShares mapped
2016-11-26 17:37:53.274-[INFO ] main AbstractShareServer - Procedure ShareService#deleteShare mapped
2016-11-26 17:37:53.277-[INFO ] main AbstractShareServer - Procedure ShareService#publishShare mapped
2016-11-26 17:37:53.278-[INFO ] main AbstractShareServer - Procedure ShareService#getCommentedShares mapped
2016-11-26 17:37:53.278-[INFO ] main AbstractShareServer - Procedure ShareService#getLikedShares mapped
2016-11-26 17:37:53.280-[INFO ] main AbstractShareServer - Procedure SortingService#getSortings mapped
2016-11-26 17:37:53.280-[INFO ] main AbstractShareServer - Procedure SortingService#deleteSorting mapped
2016-11-26 17:37:53.285-[INFO ] main AbstractShareServer - Procedure UserService#getUser mapped
2016-11-26 17:37:53.287-[INFO ] main AbstractShareServer - Procedure UserService#shield mapped
2016-11-26 17:37:53.287-[INFO ] main AbstractShareServer - Procedure UserService#searchUser mapped
2016-11-26 17:37:53.290-[INFO ] main AbstractShareServer - Procedure UserService#updateUser mapped
2016-11-26 17:37:53.291-[INFO ] main AbstractShareServer - Procedure UserService#unshield mapped
2016-11-26 17:37:53.292-[INFO ] main AbstractShareServer - Procedure UserService#addFriend mapped
2016-11-26 17:37:53.293-[INFO ] main AbstractShareServer - Procedure UserService#handleFriendRequest mapped
2016-11-26 17:37:53.296-[INFO ] main AbstractShareServer - Procedure UserService#getFriends mapped
2016-11-26 17:37:53.299-[INFO ] main AbstractShareServer - Procedure UserService#deleteFriend mapped
2016-11-26 17:37:53.301-[INFO ] main AbstractShareServer - Procedure SessionService#register mapped
2016-11-26 17:37:53.301-[INFO ] main AbstractShareServer - Procedure SessionService#login mapped
2016-11-26 17:37:53.302-[INFO ] main AbstractShareServer - Procedure SessionService#logout mapped
2016-11-26 17:37:53.302-[INFO ] main AbstractShareServer - Procedure SessionService#registerAdmin mapped
2016-11-26 17:37:53.306-[INFO ] main AbstractShareServer - Procedure PictureService#getPictures mapped
2016-11-26 17:37:53.307-[INFO ] main AbstractShareServer - Procedure PictureService#uploadPicture mapped
2016-11-26 17:37:53.308-[INFO ] main AbstractShareServer - Procedure PictureService#deletePicture mapped
2016-11-26 17:37:53.312-[INFO ] main AbstractShareServer - Procedure ForbidenWordService#getForbidenWords mapped
2016-11-26 17:37:53.312-[INFO ] main AbstractShareServer - Procedure ForbidenWordService#getDeletedForbidenWords mapped
2016-11-26 17:37:53.313-[INFO ] main AbstractShareServer - Procedure ForbidenWordService#deleteForbidenWord mapped
2016-11-26 17:37:53.314-[INFO ] main AbstractShareServer - Procedure ForbidenWordService#recoverForbidenWord mapped
2016-11-26 17:37:53.315-[INFO ] main AbstractShareServer - Procedure PraiseService#like mapped
2016-11-26 17:37:53.315-[INFO ] main AbstractShareServer - Procedure PraiseService#unlike mapped
2016-11-26 17:37:53.317-[INFO ] main AbstractShareServer - Procedure CollectionService#getUserCollection mapped
2016-11-26 17:37:53.319-[INFO ] main AbstractShareServer - Procedure CollectionService#getShareCollection mapped
2016-11-26 17:37:53.322-[INFO ] main AbstractShareServer - Procedure CollectionService#unCollectUser mapped
2016-11-26 17:37:53.322-[INFO ] main AbstractShareServer - Procedure CollectionService#unCollectShare mapped
2016-11-26 17:37:53.323-[INFO ] main AbstractShareServer - Procedure CommentService#getComments mapped
2016-11-26 17:37:53.323-[INFO ] main AbstractShareServer - Procedure CommentService#deleteComment mapped
2016-11-26 17:37:53.324-[INFO ] main AbstractShareServer - Procedure CommentService#publishComment mapped
2016-11-26 17:37:53.325-[INFO ] main AbstractShareServer - total 9 service class and 37 service procedure found
2016-11-26 17:37:53.325-[INFO ] main AbstractShareServer - procedures initialized
2016-11-26 17:37:53.429-[INFO ] main AbstractShareServer - server initialized
2016-11-26 17:37:53.507-[INFO ] main AbstractShareServer - Server was successfully bound to 0.0.0.0:8888
2016-11-26 17:37:53.507-[INFO ] main AbstractShareServer - server started
2016-11-26 18:05:08.260-[INFO ] main AbstractShareServer - server initializing...
2016-11-26 18:05:08.394-[ERROR] main AbstractShareServer - {}
org.hibernate.HibernateException: hibernate.cfg.xml not found
	at org.hibernate.util.ConfigHelper.getResourceAsStream(ConfigHelper.java:170) ~[hibernate-core-3.3.2.GA.jar:3.3.2.GA]
	at org.hibernate.cfg.Configuration.getConfigurationInputStream(Configuration.java:1453) ~[hibernate-core-3.3.2.GA.jar:3.3.2.GA]
	at org.hibernate.cfg.Configuration.configure(Configuration.java:1475) ~[hibernate-core-3.3.2.GA.jar:3.3.2.GA]
	at cc.lixiaohui.share.server.model.util.HibernateSessionFactory.newSessionFactory(HibernateSessionFactory.java:61) ~[share-server-1.0.jar:na]
	at cc.lixiaohui.share.server.model.util.HibernateSessionFactory.init(HibernateSessionFactory.java:32) ~[share-server-1.0.jar:na]
	at cc.lixiaohui.share.server.AbstractShareServer.initInternal(AbstractShareServer.java:130) ~[share-server-1.0.jar:na]
	at cc.lixiaohui.share.util.lifecycle.AbstractLifeCycle.init(AbstractLifeCycle.java:43) [share-util-1.0.jar:na]
	at cc.lixiaohui.share.util.lifecycle.AbstractLifeCycle.start(AbstractLifeCycle.java:67) [share-util-1.0.jar:na]
	at cc.lixiaohui.share.server.Bootstrap.start(Bootstrap.java:26) [share-server-1.0.jar:na]
	at cc.lixiaohui.share.server.Bootstrap.main(Bootstrap.java:44) [share-server-1.0.jar:na]
2016-11-26 18:05:08.395-[ERROR] main Bootstrap - failed to start server, {}
cc.lixiaohui.share.util.lifecycle.LifeCycleException: org.hibernate.HibernateException: hibernate.cfg.xml not found
	at cc.lixiaohui.share.server.AbstractShareServer.initInternal(AbstractShareServer.java:133) ~[share-server-1.0.jar:na]
	at cc.lixiaohui.share.util.lifecycle.AbstractLifeCycle.init(AbstractLifeCycle.java:43) ~[share-util-1.0.jar:na]
	at cc.lixiaohui.share.util.lifecycle.AbstractLifeCycle.start(AbstractLifeCycle.java:67) ~[share-util-1.0.jar:na]
	at cc.lixiaohui.share.server.Bootstrap.start(Bootstrap.java:26) [share-server-1.0.jar:na]
	at cc.lixiaohui.share.server.Bootstrap.main(Bootstrap.java:44) [share-server-1.0.jar:na]
Caused by: org.hibernate.HibernateException: hibernate.cfg.xml not found
	at org.hibernate.util.ConfigHelper.getResourceAsStream(ConfigHelper.java:170) ~[hibernate-core-3.3.2.GA.jar:3.3.2.GA]
	at org.hibernate.cfg.Configuration.getConfigurationInputStream(Configuration.java:1453) ~[hibernate-core-3.3.2.GA.jar:3.3.2.GA]
	at org.hibernate.cfg.Configuration.configure(Configuration.java:1475) ~[hibernate-core-3.3.2.GA.jar:3.3.2.GA]
	at cc.lixiaohui.share.server.model.util.HibernateSessionFactory.newSessionFactory(HibernateSessionFactory.java:61) ~[share-server-1.0.jar:na]
	at cc.lixiaohui.share.server.model.util.HibernateSessionFactory.init(HibernateSessionFactory.java:32) ~[share-server-1.0.jar:na]
	at cc.lixiaohui.share.server.AbstractShareServer.initInternal(AbstractShareServer.java:130) ~[share-server-1.0.jar:na]
	... 4 common frames omitted
2016-11-26 18:05:08.396-[ERROR] main Bootstrap - failed to start server, exit right now, cause: org.hibernate.HibernateException: hibernate.cfg.xml not found
2016-11-26 18:07:29.072-[INFO ] main AbstractShareServer - server initializing...
2016-11-26 18:07:29.949-[ERROR] main AbstractShareServer - {}
org.hibernate.InvalidMappingException: Could not parse mapping document from resource mapping/Sorting.hbm.xml
	at org.hibernate.cfg.Configuration.addResource(Configuration.java:616) ~[hibernate-core-3.3.2.GA.jar:3.3.2.GA]
	at org.hibernate.cfg.Configuration.parseMappingElement(Configuration.java:1635) ~[hibernate-core-3.3.2.GA.jar:3.3.2.GA]
	at org.hibernate.cfg.Configuration.parseSessionFactory(Configuration.java:1603) ~[hibernate-core-3.3.2.GA.jar:3.3.2.GA]
	at org.hibernate.cfg.Configuration.doConfigure(Configuration.java:1582) ~[hibernate-core-3.3.2.GA.jar:3.3.2.GA]
	at org.hibernate.cfg.Configuration.doConfigure(Configuration.java:1556) ~[hibernate-core-3.3.2.GA.jar:3.3.2.GA]
	at org.hibernate.cfg.Configuration.configure(Configuration.java:1476) ~[hibernate-core-3.3.2.GA.jar:3.3.2.GA]
	at cc.lixiaohui.share.server.model.util.HibernateSessionFactory.newSessionFactory(HibernateSessionFactory.java:61) ~[classes/:na]
	at cc.lixiaohui.share.server.model.util.HibernateSessionFactory.init(HibernateSessionFactory.java:32) ~[classes/:na]
	at cc.lixiaohui.share.server.AbstractShareServer.initInternal(AbstractShareServer.java:130) ~[classes/:na]
	at cc.lixiaohui.share.util.lifecycle.AbstractLifeCycle.init(AbstractLifeCycle.java:43) [classes/:na]
	at cc.lixiaohui.share.util.lifecycle.AbstractLifeCycle.start(AbstractLifeCycle.java:67) [classes/:na]
	at cc.lixiaohui.share.server.Bootstrap.start(Bootstrap.java:26) [classes/:na]
	at cc.lixiaohui.share.server.Bootstrap.main(Bootstrap.java:44) [classes/:na]
Caused by: org.hibernate.MappingException: class cc.lixiaohui.share.model.bean.Sorting not found while looking for property: type
	at org.hibernate.util.ReflectHelper.reflectedPropertyClass(ReflectHelper.java:232) ~[hibernate-core-3.3.2.GA.jar:3.3.2.GA]
	at org.hibernate.mapping.SimpleValue.setTypeUsingReflection(SimpleValue.java:302) ~[hibernate-core-3.3.2.GA.jar:3.3.2.GA]
	at org.hibernate.cfg.HbmBinder.createProperty(HbmBinder.java:2193) ~[hibernate-core-3.3.2.GA.jar:3.3.2.GA]
	at org.hibernate.cfg.HbmBinder.createClassProperties(HbmBinder.java:2170) ~[hibernate-core-3.3.2.GA.jar:3.3.2.GA]
	at org.hibernate.cfg.HbmBinder.createClassProperties(HbmBinder.java:2060) ~[hibernate-core-3.3.2.GA.jar:3.3.2.GA]
	at org.hibernate.cfg.HbmBinder.bindRootPersistentClassCommonValues(HbmBinder.java:381) ~[hibernate-core-3.3.2.GA.jar:3.3.2.GA]
	at org.hibernate.cfg.HbmBinder.bindRootClass(HbmBinder.java:295) ~[hibernate-core-3.3.2.GA.jar:3.3.2.GA]
	at org.hibernate.cfg.HbmBinder.bindRoot(HbmBinder.java:166) ~[hibernate-core-3.3.2.GA.jar:3.3.2.GA]
	at org.hibernate.cfg.Configuration.add(Configuration.java:716) ~[hibernate-core-3.3.2.GA.jar:3.3.2.GA]
	at org.hibernate.cfg.Configuration.addInputStream(Configuration.java:551) ~[hibernate-core-3.3.2.GA.jar:3.3.2.GA]
	at org.hibernate.cfg.Configuration.addResource(Configuration.java:613) ~[hibernate-core-3.3.2.GA.jar:3.3.2.GA]
	... 12 common frames omitted
Caused by: java.lang.ClassNotFoundException: cc.lixiaohui.share.model.bean.Sorting
	at java.net.URLClassLoader$1.run(URLClassLoader.java:202) ~[na:1.6.0_45]
	at java.security.AccessController.doPrivileged(Native Method) ~[na:1.6.0_45]
	at java.net.URLClassLoader.findClass(URLClassLoader.java:190) ~[na:1.6.0_45]
	at java.lang.ClassLoader.loadClass(ClassLoader.java:306) ~[na:1.6.0_45]
	at sun.misc.Launcher$AppClassLoader.loadClass(Launcher.java:301) ~[na:1.6.0_45]
	at java.lang.ClassLoader.loadClass(ClassLoader.java:247) ~[na:1.6.0_45]
	at java.lang.Class.forName0(Native Method) ~[na:1.6.0_45]
	at java.lang.Class.forName(Class.java:171) ~[na:1.6.0_45]
	at org.hibernate.util.ReflectHelper.classForName(ReflectHelper.java:192) ~[hibernate-core-3.3.2.GA.jar:3.3.2.GA]
	at org.hibernate.util.ReflectHelper.reflectedPropertyClass(ReflectHelper.java:228) ~[hibernate-core-3.3.2.GA.jar:3.3.2.GA]
	... 22 common frames omitted
2016-11-26 18:07:29.951-[ERROR] main Bootstrap - failed to start server, {}
cc.lixiaohui.share.util.lifecycle.LifeCycleException: org.hibernate.InvalidMappingException: Could not parse mapping document from resource mapping/Sorting.hbm.xml
	at cc.lixiaohui.share.server.AbstractShareServer.initInternal(AbstractShareServer.java:133) ~[classes/:na]
	at cc.lixiaohui.share.util.lifecycle.AbstractLifeCycle.init(AbstractLifeCycle.java:43) ~[classes/:na]
	at cc.lixiaohui.share.util.lifecycle.AbstractLifeCycle.start(AbstractLifeCycle.java:67) ~[classes/:na]
	at cc.lixiaohui.share.server.Bootstrap.start(Bootstrap.java:26) [classes/:na]
	at cc.lixiaohui.share.server.Bootstrap.main(Bootstrap.java:44) [classes/:na]
Caused by: org.hibernate.InvalidMappingException: Could not parse mapping document from resource mapping/Sorting.hbm.xml
	at org.hibernate.cfg.Configuration.addResource(Configuration.java:616) ~[hibernate-core-3.3.2.GA.jar:3.3.2.GA]
	at org.hibernate.cfg.Configuration.parseMappingElement(Configuration.java:1635) ~[hibernate-core-3.3.2.GA.jar:3.3.2.GA]
	at org.hibernate.cfg.Configuration.parseSessionFactory(Configuration.java:1603) ~[hibernate-core-3.3.2.GA.jar:3.3.2.GA]
	at org.hibernate.cfg.Configuration.doConfigure(Configuration.java:1582) ~[hibernate-core-3.3.2.GA.jar:3.3.2.GA]
	at org.hibernate.cfg.Configuration.doConfigure(Configuration.java:1556) ~[hibernate-core-3.3.2.GA.jar:3.3.2.GA]
	at org.hibernate.cfg.Configuration.configure(Configuration.java:1476) ~[hibernate-core-3.3.2.GA.jar:3.3.2.GA]
	at cc.lixiaohui.share.server.model.util.HibernateSessionFactory.newSessionFactory(HibernateSessionFactory.java:61) ~[classes/:na]
	at cc.lixiaohui.share.server.model.util.HibernateSessionFactory.init(HibernateSessionFactory.java:32) ~[classes/:na]
	at cc.lixiaohui.share.server.AbstractShareServer.initInternal(AbstractShareServer.java:130) ~[classes/:na]
	... 4 common frames omitted
Caused by: org.hibernate.MappingException: class cc.lixiaohui.share.model.bean.Sorting not found while looking for property: type
	at org.hibernate.util.ReflectHelper.reflectedPropertyClass(ReflectHelper.java:232) ~[hibernate-core-3.3.2.GA.jar:3.3.2.GA]
	at org.hibernate.mapping.SimpleValue.setTypeUsingReflection(SimpleValue.java:302) ~[hibernate-core-3.3.2.GA.jar:3.3.2.GA]
	at org.hibernate.cfg.HbmBinder.createProperty(HbmBinder.java:2193) ~[hibernate-core-3.3.2.GA.jar:3.3.2.GA]
	at org.hibernate.cfg.HbmBinder.createClassProperties(HbmBinder.java:2170) ~[hibernate-core-3.3.2.GA.jar:3.3.2.GA]
	at org.hibernate.cfg.HbmBinder.createClassProperties(HbmBinder.java:2060) ~[hibernate-core-3.3.2.GA.jar:3.3.2.GA]
	at org.hibernate.cfg.HbmBinder.bindRootPersistentClassCommonValues(HbmBinder.java:381) ~[hibernate-core-3.3.2.GA.jar:3.3.2.GA]
	at org.hibernate.cfg.HbmBinder.bindRootClass(HbmBinder.java:295) ~[hibernate-core-3.3.2.GA.jar:3.3.2.GA]
	at org.hibernate.cfg.HbmBinder.bindRoot(HbmBinder.java:166) ~[hibernate-core-3.3.2.GA.jar:3.3.2.GA]
	at org.hibernate.cfg.Configuration.add(Configuration.java:716) ~[hibernate-core-3.3.2.GA.jar:3.3.2.GA]
	at org.hibernate.cfg.Configuration.addInputStream(Configuration.java:551) ~[hibernate-core-3.3.2.GA.jar:3.3.2.GA]
	at org.hibernate.cfg.Configuration.addResource(Configuration.java:613) ~[hibernate-core-3.3.2.GA.jar:3.3.2.GA]
	... 12 common frames omitted
Caused by: java.lang.ClassNotFoundException: cc.lixiaohui.share.model.bean.Sorting
	at java.net.URLClassLoader$1.run(URLClassLoader.java:202) ~[na:1.6.0_45]
	at java.security.AccessController.doPrivileged(Native Method) ~[na:1.6.0_45]
	at java.net.URLClassLoader.findClass(URLClassLoader.java:190) ~[na:1.6.0_45]
	at java.lang.ClassLoader.loadClass(ClassLoader.java:306) ~[na:1.6.0_45]
	at sun.misc.Launcher$AppClassLoader.loadClass(Launcher.java:301) ~[na:1.6.0_45]
	at java.lang.ClassLoader.loadClass(ClassLoader.java:247) ~[na:1.6.0_45]
	at java.lang.Class.forName0(Native Method) ~[na:1.6.0_45]
	at java.lang.Class.forName(Class.java:171) ~[na:1.6.0_45]
	at org.hibernate.util.ReflectHelper.classForName(ReflectHelper.java:192) ~[hibernate-core-3.3.2.GA.jar:3.3.2.GA]
	at org.hibernate.util.ReflectHelper.reflectedPropertyClass(ReflectHelper.java:228) ~[hibernate-core-3.3.2.GA.jar:3.3.2.GA]
	... 22 common frames omitted
2016-11-26 18:07:29.954-[ERROR] main Bootstrap - failed to start server, exit right now, cause: org.hibernate.InvalidMappingException: Could not parse mapping document from resource mapping/Sorting.hbm.xml
2016-11-26 18:13:49.309-[INFO ] main AbstractShareServer - server initializing...
2016-11-26 18:13:50.129-[INFO ] main HibernateSessionFactory - using internal hibernate.cfg.xml
2016-11-26 18:13:50.130-[DEBUG] main HibernateSessionFactory - replacing hibernate.connection.url with jdbc:mysql://localhost:3306/sharing
2016-11-26 18:13:50.130-[DEBUG] main HibernateSessionFactory - replacing hibernate.connection.driver_class with com.mysql.jdbc.Driver
2016-11-26 18:13:50.130-[DEBUG] main HibernateSessionFactory - replacing hibernate.connection.username with root
2016-11-26 18:13:50.130-[DEBUG] main HibernateSessionFactory - replacing hibernate.connection.password with root
2016-11-26 18:13:50.166-[ERROR] main AbstractShareServer - {}
org.hibernate.MappingException: An association from the table share_collection refers to an unmapped class: cc.lixiaohui.share.model.bean.User
	at org.hibernate.cfg.Configuration.secondPassCompileForeignKeys(Configuration.java:1299) ~[hibernate-core-3.3.2.GA.jar:3.3.2.GA]
	at org.hibernate.cfg.Configuration.secondPassCompile(Configuration.java:1217) ~[hibernate-core-3.3.2.GA.jar:3.3.2.GA]
	at org.hibernate.cfg.Configuration.buildSessionFactory(Configuration.java:1333) ~[hibernate-core-3.3.2.GA.jar:3.3.2.GA]
	at cc.lixiaohui.share.server.model.util.HibernateSessionFactory.newSessionFactory(HibernateSessionFactory.java:88) ~[classes/:na]
	at cc.lixiaohui.share.server.model.util.HibernateSessionFactory.init(HibernateSessionFactory.java:32) ~[classes/:na]
	at cc.lixiaohui.share.server.AbstractShareServer.initInternal(AbstractShareServer.java:130) ~[classes/:na]
	at cc.lixiaohui.share.util.lifecycle.AbstractLifeCycle.init(AbstractLifeCycle.java:43) [classes/:na]
	at cc.lixiaohui.share.util.lifecycle.AbstractLifeCycle.start(AbstractLifeCycle.java:67) [classes/:na]
	at cc.lixiaohui.share.server.Bootstrap.start(Bootstrap.java:26) [classes/:na]
	at cc.lixiaohui.share.server.Bootstrap.main(Bootstrap.java:44) [classes/:na]
2016-11-26 18:13:50.187-[ERROR] main Bootstrap - failed to start server, {}
cc.lixiaohui.share.util.lifecycle.LifeCycleException: org.hibernate.MappingException: An association from the table share_collection refers to an unmapped class: cc.lixiaohui.share.model.bean.User
	at cc.lixiaohui.share.server.AbstractShareServer.initInternal(AbstractShareServer.java:133) ~[classes/:na]
	at cc.lixiaohui.share.util.lifecycle.AbstractLifeCycle.init(AbstractLifeCycle.java:43) ~[classes/:na]
	at cc.lixiaohui.share.util.lifecycle.AbstractLifeCycle.start(AbstractLifeCycle.java:67) ~[classes/:na]
	at cc.lixiaohui.share.server.Bootstrap.start(Bootstrap.java:26) [classes/:na]
	at cc.lixiaohui.share.server.Bootstrap.main(Bootstrap.java:44) [classes/:na]
Caused by: org.hibernate.MappingException: An association from the table share_collection refers to an unmapped class: cc.lixiaohui.share.model.bean.User
	at org.hibernate.cfg.Configuration.secondPassCompileForeignKeys(Configuration.java:1299) ~[hibernate-core-3.3.2.GA.jar:3.3.2.GA]
	at org.hibernate.cfg.Configuration.secondPassCompile(Configuration.java:1217) ~[hibernate-core-3.3.2.GA.jar:3.3.2.GA]
	at org.hibernate.cfg.Configuration.buildSessionFactory(Configuration.java:1333) ~[hibernate-core-3.3.2.GA.jar:3.3.2.GA]
	at cc.lixiaohui.share.server.model.util.HibernateSessionFactory.newSessionFactory(HibernateSessionFactory.java:88) ~[classes/:na]
	at cc.lixiaohui.share.server.model.util.HibernateSessionFactory.init(HibernateSessionFactory.java:32) ~[classes/:na]
	at cc.lixiaohui.share.server.AbstractShareServer.initInternal(AbstractShareServer.java:130) ~[classes/:na]
	... 4 common frames omitted
2016-11-26 18:13:50.189-[ERROR] main Bootstrap - failed to start server, exit right now, cause: org.hibernate.MappingException: An association from the table share_collection refers to an unmapped class: cc.lixiaohui.share.model.bean.User
2016-11-26 18:14:54.570-[INFO ] main AbstractShareServer - server initializing...
2016-11-26 18:14:55.216-[INFO ] main HibernateSessionFactory - using internal hibernate.cfg.xml
2016-11-26 18:14:55.216-[DEBUG] main HibernateSessionFactory - replacing hibernate.connection.url with jdbc:mysql://localhost:3306/sharing
2016-11-26 18:14:55.216-[DEBUG] main HibernateSessionFactory - replacing hibernate.connection.driver_class with com.mysql.jdbc.Driver
2016-11-26 18:14:55.216-[DEBUG] main HibernateSessionFactory - replacing hibernate.connection.username with root
2016-11-26 18:14:55.217-[DEBUG] main HibernateSessionFactory - replacing hibernate.connection.password with root
2016-11-26 18:15:01.454-[INFO ] main AbstractShareServer - initialing procedures...
2016-11-26 18:15:01.869-[INFO ] main AbstractShareServer - Procedure UserService#getUser mapped
2016-11-26 18:15:01.869-[INFO ] main AbstractShareServer - Procedure UserService#shield mapped
2016-11-26 18:15:01.870-[INFO ] main AbstractShareServer - Procedure UserService#searchUser mapped
2016-11-26 18:15:01.870-[INFO ] main AbstractShareServer - Procedure UserService#updateUser mapped
2016-11-26 18:15:01.870-[INFO ] main AbstractShareServer - Procedure UserService#unshield mapped
2016-11-26 18:15:01.870-[INFO ] main AbstractShareServer - Procedure UserService#addFriend mapped
2016-11-26 18:15:01.870-[INFO ] main AbstractShareServer - Procedure UserService#handleFriendRequest mapped
2016-11-26 18:15:01.871-[INFO ] main AbstractShareServer - Procedure UserService#getFriends mapped
2016-11-26 18:15:01.871-[INFO ] main AbstractShareServer - Procedure UserService#deleteFriend mapped
2016-11-26 18:15:01.872-[INFO ] main AbstractShareServer - Procedure CommentService#getComments mapped
2016-11-26 18:15:01.872-[INFO ] main AbstractShareServer - Procedure CommentService#deleteComment mapped
2016-11-26 18:15:01.872-[INFO ] main AbstractShareServer - Procedure CommentService#publishComment mapped
2016-11-26 18:15:01.873-[INFO ] main AbstractShareServer - Procedure PraiseService#like mapped
2016-11-26 18:15:01.873-[INFO ] main AbstractShareServer - Procedure PraiseService#unlike mapped
2016-11-26 18:15:01.875-[INFO ] main AbstractShareServer - Procedure ForbidenWordService#getForbidenWords mapped
2016-11-26 18:15:01.875-[INFO ] main AbstractShareServer - Procedure ForbidenWordService#getDeletedForbidenWords mapped
2016-11-26 18:15:01.876-[INFO ] main AbstractShareServer - Procedure ForbidenWordService#deleteForbidenWord mapped
2016-11-26 18:15:01.876-[INFO ] main AbstractShareServer - Procedure ForbidenWordService#recoverForbidenWord mapped
2016-11-26 18:15:01.876-[INFO ] main AbstractShareServer - Procedure SortingService#getSortings mapped
2016-11-26 18:15:01.877-[INFO ] main AbstractShareServer - Procedure SortingService#deleteSorting mapped
2016-11-26 18:15:01.879-[INFO ] main AbstractShareServer - Procedure ShareService#getShares mapped
2016-11-26 18:15:01.879-[INFO ] main AbstractShareServer - Procedure ShareService#getShare mapped
2016-11-26 18:15:01.879-[INFO ] main AbstractShareServer - Procedure ShareService#deleteShare mapped
2016-11-26 18:15:01.879-[INFO ] main AbstractShareServer - Procedure ShareService#publishShare mapped
2016-11-26 18:15:01.880-[INFO ] main AbstractShareServer - Procedure ShareService#getCommentedShares mapped
2016-11-26 18:15:01.880-[INFO ] main AbstractShareServer - Procedure ShareService#getLikedShares mapped
2016-11-26 18:15:01.881-[INFO ] main AbstractShareServer - Procedure SessionService#register mapped
2016-11-26 18:15:01.882-[INFO ] main AbstractShareServer - Procedure SessionService#login mapped
2016-11-26 18:15:01.882-[INFO ] main AbstractShareServer - Procedure SessionService#logout mapped
2016-11-26 18:15:01.882-[INFO ] main AbstractShareServer - Procedure SessionService#registerAdmin mapped
2016-11-26 18:15:01.883-[INFO ] main AbstractShareServer - Procedure CollectionService#getUserCollection mapped
2016-11-26 18:15:01.884-[INFO ] main AbstractShareServer - Procedure CollectionService#getShareCollection mapped
2016-11-26 18:15:01.884-[INFO ] main AbstractShareServer - Procedure CollectionService#unCollectUser mapped
2016-11-26 18:15:01.884-[INFO ] main AbstractShareServer - Procedure CollectionService#unCollectShare mapped
2016-11-26 18:15:01.886-[INFO ] main AbstractShareServer - Procedure PictureService#getPictures mapped
2016-11-26 18:15:01.886-[INFO ] main AbstractShareServer - Procedure PictureService#uploadPicture mapped
2016-11-26 18:15:01.886-[INFO ] main AbstractShareServer - Procedure PictureService#deletePicture mapped
2016-11-26 18:15:01.886-[INFO ] main AbstractShareServer - total 9 service class and 37 service procedure found
2016-11-26 18:15:01.886-[INFO ] main AbstractShareServer - procedures initialized
2016-11-26 18:15:02.323-[INFO ] main AbstractShareServer - server initialized
2016-11-26 18:15:02.626-[INFO ] main AbstractShareServer - Server was successfully bound to 0.0.0.0:8888
2016-11-26 18:15:02.651-[INFO ] main AbstractShareServer - server started
2016-11-26 18:15:55.286-[INFO ] IO-Worker-0 AbstractShareServer - new channel [id: 0x5c3465bc, /127.0.0.1:52007 => /127.0.0.1:8888]
2016-11-26 18:15:55.352-[INFO ] IO-Worker-0 SessionHandler - attached session for channel [id: 0x5c3465bc, /127.0.0.1:52007 => /127.0.0.1:8888]
2016-11-26 18:15:55.353-[INFO ] IO-Worker-0 SessionHandler - update last IO time for session
2016-11-26 18:15:55.495-[INFO ] IO-Worker-0 HandshakeHandler - write handshake to channel [id: 0x5c3465bc, /127.0.0.1:52007 => /127.0.0.1:8888]
2016-11-26 18:15:55.610-[INFO ] IO-Worker-0 SessionHandler - update last IO time for session
2016-11-26 18:15:55.610-[INFO ] IO-Worker-0 HandshakeHandler - recieved handshake response from channel [id: 0x5c3465bc, /127.0.0.1:52007 => /127.0.0.1:8888]
2016-11-26 18:15:55.720-[INFO ] IO-Worker-0 HandshakeHandler - connection established [id: 0x5c3465bc, /127.0.0.1:52007 => /127.0.0.1:8888]
2016-11-26 18:15:55.814-[INFO ] IO-Worker-0 SessionHandler - update last IO time for session
2016-11-26 18:15:56.747-[DEBUG] Core-Worker-0 AbstractService - user logined User[id=5, name=小明, password=xiaoming, sex=男, signature=我是水货, role=Role[id=2, desc=普通用户, createTime=2016-10-29 22:33:02.0, deleted=false], headImage=Picture[id=4, path=C:\Users\lixiaohui\Pictures\MySQL Protocol\Status_Flag.PNG, suffix=PNG, uploadTime=2016-11-12 14:45:32.0], selfFirbid=false, adminForbid=false, deleted=false]
2016-11-26 18:15:57.145-[INFO ] IO-Worker-0 SessionHandler - update last IO time for session
2016-11-26 18:15:57.158-[DEBUG] Core-Worker-0 MessageDispatcher - dispatch message CSRequestMessage[id=1, s=SessionService, p=login, args={}]
2016-11-26 18:15:57.161-[DEBUG] IO-Worker-0 AbstractShareServer - write message CSResponseMessage[id=1, corrId=1, respJson={"timestamp":1480155356765,"result":{"selfShield":false,"userId":5,"role":{"description":"普通用户","roleId":2},"adminShield":false},"status":0,"msg":"登陆成功"}] to channel [id: 0x5c3465bc, /127.0.0.1:52007 => /127.0.0.1:8888]
2016-11-26 18:15:57.166-[INFO ] IO-Worker-0 SessionHandler - update last IO time for session
2016-11-26 18:15:57.173-[INFO ] IO-Worker-0 SessionHandler - update last IO time for session
2016-11-26 18:15:57.173-[DEBUG] Core-Worker-0 MessageDispatcher - dispatch message CSRequestMessage[id=2, s=UserService, p=getUser, args={}]
2016-11-26 18:15:57.175-[DEBUG] IO-Worker-0 AbstractShareServer - write message CSResponseMessage[id=2, corrId=2, respJson={"timestamp":1480155357173,"result":{"selfShield":false,"sex":"男","username":"卧槽","userId":12,"role":{"id":2,"description":"普通用户"},"headImageId":-1,"registerTime":1479523464000,"signature":"","adminShield":false},"status":0,"msg":"获取用户成功"}] to channel [id: 0x5c3465bc, /127.0.0.1:52007 => /127.0.0.1:8888]
2016-11-26 18:16:31.153-[INFO ] IO-Worker-0 SessionHandler - dettached session from channel [id: 0x5c3465bc, /127.0.0.1:52007 :> /127.0.0.1:8888]
2016-11-26 18:16:34.757-[INFO ] IO-Worker-1 AbstractShareServer - new channel [id: 0xe68ea62a, /127.0.0.1:52020 => /127.0.0.1:8888]
2016-11-26 18:16:34.758-[INFO ] IO-Worker-1 SessionHandler - attached session for channel [id: 0xe68ea62a, /127.0.0.1:52020 => /127.0.0.1:8888]
2016-11-26 18:16:34.758-[INFO ] IO-Worker-1 SessionHandler - update last IO time for session
2016-11-26 18:16:34.759-[INFO ] IO-Worker-1 HandshakeHandler - write handshake to channel [id: 0xe68ea62a, /127.0.0.1:52020 => /127.0.0.1:8888]
2016-11-26 18:16:34.863-[INFO ] IO-Worker-1 SessionHandler - update last IO time for session
2016-11-26 18:16:34.863-[INFO ] IO-Worker-1 HandshakeHandler - recieved handshake response from channel [id: 0xe68ea62a, /127.0.0.1:52020 => /127.0.0.1:8888]
2016-11-26 18:16:34.864-[INFO ] IO-Worker-1 HandshakeHandler - connection established [id: 0xe68ea62a, /127.0.0.1:52020 => /127.0.0.1:8888]
2016-11-26 18:16:34.871-[INFO ] IO-Worker-1 SessionHandler - update last IO time for session
2016-11-26 18:16:34.896-[DEBUG] Core-Worker-1 AbstractService - user logined User[id=5, name=小明, password=xiaoming, sex=男, signature=我是水货, role=Role[id=2, desc=普通用户, createTime=2016-10-29 22:33:02.0, deleted=false], headImage=Picture[id=4, path=C:\Users\lixiaohui\Pictures\MySQL Protocol\Status_Flag.PNG, suffix=PNG, uploadTime=2016-11-12 14:45:32.0], selfFirbid=false, adminForbid=false, deleted=false]
2016-11-26 18:16:34.898-[DEBUG] Core-Worker-1 MessageDispatcher - dispatch message CSRequestMessage[id=1, s=SessionService, p=login, args={}]
2016-11-26 18:16:34.899-[INFO ] IO-Worker-1 SessionHandler - update last IO time for session
2016-11-26 18:16:34.901-[DEBUG] IO-Worker-1 AbstractShareServer - write message CSResponseMessage[id=3, corrId=1, respJson={"timestamp":1480155394897,"result":{"selfShield":false,"userId":5,"role":{"description":"普通用户","roleId":2},"adminShield":false},"status":0,"msg":"登陆成功"}] to channel [id: 0xe68ea62a, /127.0.0.1:52020 => /127.0.0.1:8888]
2016-11-26 18:16:34.906-[INFO ] IO-Worker-1 SessionHandler - update last IO time for session
2016-11-26 18:16:34.916-[INFO ] IO-Worker-1 SessionHandler - update last IO time for session
2016-11-26 18:16:34.916-[DEBUG] Core-Worker-0 MessageDispatcher - dispatch message CSRequestMessage[id=2, s=UserService, p=getUser, args={}]
2016-11-26 18:16:34.917-[DEBUG] IO-Worker-1 AbstractShareServer - write message CSResponseMessage[id=4, corrId=2, respJson={"timestamp":1480155394915,"result":{"selfShield":false,"sex":"男","username":"李小辉","userId":4,"role":{"id":1,"description":"管理员"},"headImageId":3,"registerTime":1477795027000,"signature":"哈哈哈哈","adminShield":false},"status":0,"msg":"获取用户成功"}] to channel [id: 0xe68ea62a, /127.0.0.1:52020 => /127.0.0.1:8888]
2016-11-26 18:17:23.387-[INFO ] IO-Worker-1 SessionHandler - dettached session from channel [id: 0xe68ea62a, /127.0.0.1:52020 :> /127.0.0.1:8888]
2016-11-26 18:18:49.006-[INFO ] main AbstractShareServer - server initializing...
2016-11-26 18:18:49.639-[INFO ] main HibernateSessionFactory - using internal hibernate.cfg.xml
2016-11-26 18:18:49.640-[DEBUG] main HibernateSessionFactory - replacing hibernate.connection.url with jdbc:mysql://localhost:3306/sharing
2016-11-26 18:18:49.640-[DEBUG] main HibernateSessionFactory - replacing hibernate.connection.driver_class with com.mysql.jdbc.Driver
2016-11-26 18:18:49.641-[DEBUG] main HibernateSessionFactory - replacing hibernate.connection.username with root
2016-11-26 18:18:49.641-[DEBUG] main HibernateSessionFactory - replacing hibernate.connection.password with root
2016-11-26 18:18:50.641-[INFO ] main AbstractShareServer - initialing procedures...
2016-11-26 18:18:50.679-[INFO ] main AbstractShareServer - Procedure PictureService#getPictures mapped
2016-11-26 18:18:50.680-[INFO ] main AbstractShareServer - Procedure PictureService#uploadPicture mapped
2016-11-26 18:18:50.680-[INFO ] main AbstractShareServer - Procedure PictureService#deletePicture mapped
2016-11-26 18:18:50.681-[INFO ] main AbstractShareServer - Procedure SessionService#register mapped
2016-11-26 18:18:50.682-[INFO ] main AbstractShareServer - Procedure SessionService#login mapped
2016-11-26 18:18:50.682-[INFO ] main AbstractShareServer - Procedure SessionService#logout mapped
2016-11-26 18:18:50.682-[INFO ] main AbstractShareServer - Procedure SessionService#registerAdmin mapped
2016-11-26 18:18:50.684-[INFO ] main AbstractShareServer - Procedure ShareService#getShares mapped
2016-11-26 18:18:50.684-[INFO ] main AbstractShareServer - Procedure ShareService#getShare mapped
2016-11-26 18:18:50.685-[INFO ] main AbstractShareServer - Procedure ShareService#deleteShare mapped
2016-11-26 18:18:50.685-[INFO ] main AbstractShareServer - Procedure ShareService#publishShare mapped
2016-11-26 18:18:50.685-[INFO ] main AbstractShareServer - Procedure ShareService#getCommentedShares mapped
2016-11-26 18:18:50.685-[INFO ] main AbstractShareServer - Procedure ShareService#getLikedShares mapped
2016-11-26 18:18:50.690-[INFO ] main AbstractShareServer - Procedure UserService#getUser mapped
2016-11-26 18:18:50.691-[INFO ] main AbstractShareServer - Procedure UserService#shield mapped
2016-11-26 18:18:50.691-[INFO ] main AbstractShareServer - Procedure UserService#searchUser mapped
2016-11-26 18:18:50.691-[INFO ] main AbstractShareServer - Procedure UserService#updateUser mapped
2016-11-26 18:18:50.692-[INFO ] main AbstractShareServer - Procedure UserService#unshield mapped
2016-11-26 18:18:50.692-[INFO ] main AbstractShareServer - Procedure UserService#addFriend mapped
2016-11-26 18:18:50.692-[INFO ] main AbstractShareServer - Procedure UserService#handleFriendRequest mapped
2016-11-26 18:18:50.693-[INFO ] main AbstractShareServer - Procedure UserService#getFriends mapped
2016-11-26 18:18:50.693-[INFO ] main AbstractShareServer - Procedure UserService#deleteFriend mapped
2016-11-26 18:18:50.694-[INFO ] main AbstractShareServer - Procedure PraiseService#like mapped
2016-11-26 18:18:50.694-[INFO ] main AbstractShareServer - Procedure PraiseService#unlike mapped
2016-11-26 18:18:50.695-[INFO ] main AbstractShareServer - Procedure CommentService#getComments mapped
2016-11-26 18:18:50.695-[INFO ] main AbstractShareServer - Procedure CommentService#deleteComment mapped
2016-11-26 18:18:50.696-[INFO ] main AbstractShareServer - Procedure CommentService#publishComment mapped
2016-11-26 18:18:50.697-[INFO ] main AbstractShareServer - Procedure SortingService#getSortings mapped
2016-11-26 18:18:50.697-[INFO ] main AbstractShareServer - Procedure SortingService#deleteSorting mapped
2016-11-26 18:18:50.698-[INFO ] main AbstractShareServer - Procedure ForbidenWordService#getForbidenWords mapped
2016-11-26 18:18:50.708-[INFO ] main AbstractShareServer - Procedure ForbidenWordService#getDeletedForbidenWords mapped
2016-11-26 18:18:50.708-[INFO ] main AbstractShareServer - Procedure ForbidenWordService#deleteForbidenWord mapped
2016-11-26 18:18:50.709-[INFO ] main AbstractShareServer - Procedure ForbidenWordService#recoverForbidenWord mapped
2016-11-26 18:18:50.710-[INFO ] main AbstractShareServer - Procedure CollectionService#getUserCollection mapped
2016-11-26 18:18:50.711-[INFO ] main AbstractShareServer - Procedure CollectionService#getShareCollection mapped
2016-11-26 18:18:50.711-[INFO ] main AbstractShareServer - Procedure CollectionService#unCollectUser mapped
2016-11-26 18:18:50.711-[INFO ] main AbstractShareServer - Procedure CollectionService#unCollectShare mapped
2016-11-26 18:18:50.712-[INFO ] main AbstractShareServer - total 9 service class and 37 service procedure found
2016-11-26 18:18:50.713-[INFO ] main AbstractShareServer - procedures initialized
2016-11-26 18:18:50.759-[INFO ] main AbstractShareServer - server initialized
2016-11-26 18:18:50.810-[INFO ] main AbstractShareServer - Server was successfully bound to 0.0.0.0:8888
2016-11-26 18:18:50.811-[INFO ] main AbstractShareServer - server started
2016-11-26 18:19:27.566-[INFO ] IO-Worker-0 AbstractShareServer - new channel [id: 0x1e09fc28, /127.0.0.1:52063 => /127.0.0.1:8888]
2016-11-26 18:19:27.580-[INFO ] IO-Worker-0 SessionHandler - attached session for channel [id: 0x1e09fc28, /127.0.0.1:52063 => /127.0.0.1:8888]
2016-11-26 18:19:27.580-[INFO ] IO-Worker-0 SessionHandler - update last IO time for session
2016-11-26 18:19:27.641-[INFO ] IO-Worker-0 HandshakeHandler - write handshake to channel [id: 0x1e09fc28, /127.0.0.1:52063 => /127.0.0.1:8888]
2016-11-26 18:19:27.745-[INFO ] IO-Worker-0 SessionHandler - update last IO time for session
2016-11-26 18:19:27.745-[INFO ] IO-Worker-0 HandshakeHandler - recieved handshake response from channel [id: 0x1e09fc28, /127.0.0.1:52063 => /127.0.0.1:8888]
2016-11-26 18:19:27.751-[INFO ] IO-Worker-0 HandshakeHandler - connection established [id: 0x1e09fc28, /127.0.0.1:52063 => /127.0.0.1:8888]
2016-11-26 18:19:27.756-[INFO ] IO-Worker-0 SessionHandler - update last IO time for session
2016-11-26 18:19:28.014-[DEBUG] Core-Worker-0 AbstractService - user logined User[id=5, name=小明, password=xiaoming, sex=男, signature=我是水货, role=Role[id=2, desc=普通用户, createTime=2016-10-29 22:33:02.0, deleted=false], headImage=Picture[id=4, path=C:\Users\lixiaohui\Pictures\MySQL Protocol\Status_Flag.PNG, suffix=PNG, uploadTime=2016-11-12 14:45:32.0], selfFirbid=false, adminForbid=false, deleted=false]
2016-11-26 18:19:28.159-[INFO ] IO-Worker-0 SessionHandler - update last IO time for session
2016-11-26 18:19:28.159-[DEBUG] Core-Worker-0 MessageDispatcher - dispatch message CSRequestMessage[id=1, s=SessionService, p=login, args={}]
2016-11-26 18:19:28.161-[DEBUG] IO-Worker-0 AbstractShareServer - write message CSResponseMessage[id=1, corrId=1, respJson={"timestamp":1480155568019,"result":{"selfShield":false,"userId":5,"role":{"description":"普通用户","roleId":2},"adminShield":false},"status":0,"msg":"登陆成功"}] to channel [id: 0x1e09fc28, /127.0.0.1:52063 => /127.0.0.1:8888]
2016-11-26 18:19:28.165-[INFO ] IO-Worker-0 SessionHandler - update last IO time for session
2016-11-26 18:19:28.172-[INFO ] IO-Worker-0 SessionHandler - update last IO time for session
2016-11-26 18:19:28.172-[DEBUG] Core-Worker-0 MessageDispatcher - dispatch message CSRequestMessage[id=2, s=UserService, p=getUser, args={}]
2016-11-26 18:19:28.173-[DEBUG] IO-Worker-0 AbstractShareServer - write message CSResponseMessage[id=2, corrId=2, respJson={"timestamp":1480155568172,"result":{"selfShield":false,"sex":"男","username":"李小辉","userId":4,"role":{"id":1,"description":"管理员"},"headImageId":3,"registerTime":1477795027000,"signature":"哈哈哈哈","adminShield":false},"status":0,"msg":"获取用户成功"}] to channel [id: 0x1e09fc28, /127.0.0.1:52063 => /127.0.0.1:8888]
2016-11-26 18:19:31.002-[INFO ] IO-Worker-0 SessionHandler - dettached session from channel [id: 0x1e09fc28, /127.0.0.1:52063 :> /127.0.0.1:8888]
2016-11-26 18:22:36.895-[INFO ] main AbstractShareServer - server initializing...
2016-11-26 18:22:37.582-[INFO ] main HibernateSessionFactory - using internal hibernate.cfg.xml
2016-11-26 18:22:37.583-[DEBUG] main HibernateSessionFactory - replacing hibernate.connection.url with jdbc:mysql://localhost:3306/sharing
2016-11-26 18:22:37.583-[DEBUG] main HibernateSessionFactory - replacing hibernate.connection.driver_class with com.mysql.jdbc.Driver
2016-11-26 18:22:37.583-[DEBUG] main HibernateSessionFactory - replacing hibernate.connection.username with root
2016-11-26 18:22:37.583-[DEBUG] main HibernateSessionFactory - replacing hibernate.connection.password with root
2016-11-26 18:22:38.551-[INFO ] main AbstractShareServer - initialing procedures...
2016-11-26 18:22:38.590-[INFO ] main AbstractShareServer - Procedure CommentService#getComments mapped
2016-11-26 18:22:38.590-[INFO ] main AbstractShareServer - Procedure CommentService#deleteComment mapped
2016-11-26 18:22:38.590-[INFO ] main AbstractShareServer - Procedure CommentService#publishComment mapped
2016-11-26 18:22:38.591-[INFO ] main AbstractShareServer - Procedure SessionService#register mapped
2016-11-26 18:22:38.591-[INFO ] main AbstractShareServer - Procedure SessionService#login mapped
2016-11-26 18:22:38.592-[INFO ] main AbstractShareServer - Procedure SessionService#logout mapped
2016-11-26 18:22:38.592-[INFO ] main AbstractShareServer - Procedure SessionService#registerAdmin mapped
2016-11-26 18:22:38.595-[INFO ] main AbstractShareServer - Procedure UserService#getUser mapped
2016-11-26 18:22:38.595-[INFO ] main AbstractShareServer - Procedure UserService#shield mapped
2016-11-26 18:22:38.596-[INFO ] main AbstractShareServer - Procedure UserService#searchUser mapped
2016-11-26 18:22:38.596-[INFO ] main AbstractShareServer - Procedure UserService#updateUser mapped
2016-11-26 18:22:38.597-[INFO ] main AbstractShareServer - Procedure UserService#unshield mapped
2016-11-26 18:22:38.598-[INFO ] main AbstractShareServer - Procedure UserService#addFriend mapped
2016-11-26 18:22:38.599-[INFO ] main AbstractShareServer - Procedure UserService#handleFriendRequest mapped
2016-11-26 18:22:38.599-[INFO ] main AbstractShareServer - Procedure UserService#getFriends mapped
2016-11-26 18:22:38.600-[INFO ] main AbstractShareServer - Procedure UserService#deleteFriend mapped
2016-11-26 18:22:38.602-[INFO ] main AbstractShareServer - Procedure PictureService#getPictures mapped
2016-11-26 18:22:38.602-[INFO ] main AbstractShareServer - Procedure PictureService#uploadPicture mapped
2016-11-26 18:22:38.602-[INFO ] main AbstractShareServer - Procedure PictureService#deletePicture mapped
2016-11-26 18:22:38.604-[INFO ] main AbstractShareServer - Procedure ForbidenWordService#getForbidenWords mapped
2016-11-26 18:22:38.604-[INFO ] main AbstractShareServer - Procedure ForbidenWordService#getDeletedForbidenWords mapped
2016-11-26 18:22:38.605-[INFO ] main AbstractShareServer - Procedure ForbidenWordService#deleteForbidenWord mapped
2016-11-26 18:22:38.605-[INFO ] main AbstractShareServer - Procedure ForbidenWordService#recoverForbidenWord mapped
2016-11-26 18:22:38.607-[INFO ] main AbstractShareServer - Procedure ShareService#getShares mapped
2016-11-26 18:22:38.609-[INFO ] main AbstractShareServer - Procedure ShareService#getShare mapped
2016-11-26 18:22:38.609-[INFO ] main AbstractShareServer - Procedure ShareService#deleteShare mapped
2016-11-26 18:22:38.609-[INFO ] main AbstractShareServer - Procedure ShareService#publishShare mapped
2016-11-26 18:22:38.609-[INFO ] main AbstractShareServer - Procedure ShareService#getCommentedShares mapped
2016-11-26 18:22:38.610-[INFO ] main AbstractShareServer - Procedure ShareService#getLikedShares mapped
2016-11-26 18:22:38.610-[INFO ] main AbstractShareServer - Procedure SortingService#getSortings mapped
2016-11-26 18:22:38.610-[INFO ] main AbstractShareServer - Procedure SortingService#deleteSorting mapped
2016-11-26 18:22:38.611-[INFO ] main AbstractShareServer - Procedure PraiseService#like mapped
2016-11-26 18:22:38.611-[INFO ] main AbstractShareServer - Procedure PraiseService#unlike mapped
2016-11-26 18:22:38.612-[INFO ] main AbstractShareServer - Procedure CollectionService#getUserCollection mapped
2016-11-26 18:22:38.612-[INFO ] main AbstractShareServer - Procedure CollectionService#getShareCollection mapped
2016-11-26 18:22:38.613-[INFO ] main AbstractShareServer - Procedure CollectionService#unCollectUser mapped
2016-11-26 18:22:38.613-[INFO ] main AbstractShareServer - Procedure CollectionService#unCollectShare mapped
2016-11-26 18:22:38.613-[INFO ] main AbstractShareServer - total 9 service class and 37 service procedure found
2016-11-26 18:22:38.613-[INFO ] main AbstractShareServer - procedures initialized
2016-11-26 18:22:38.654-[INFO ] main AbstractShareServer - server initialized
2016-11-26 18:22:38.712-[INFO ] main AbstractShareServer - Server was successfully bound to 0.0.0.0:8888
2016-11-26 18:22:38.712-[INFO ] main AbstractShareServer - server started
