2016-11-26 17:37:51.467-[INFO ] main Environment - Hibernate 3.3.2.GA
2016-11-26 17:37:51.469-[INFO ] main Environment - hibernate.properties not found
2016-11-26 17:37:51.472-[INFO ] main Environment - Bytecode provider name : javassist
2016-11-26 17:37:51.476-[INFO ] main Environment - using JDK 1.4 java.sql.Timestamp handling
2016-11-26 17:37:51.545-[INFO ] main Configuration - configuring from resource: hibernate.cfg.xml
2016-11-26 17:37:51.546-[INFO ] main Configuration - Configuration resource: hibernate.cfg.xml
2016-11-26 17:37:51.592-[INFO ] main Configuration - Reading mappings from resource : mapping/Role.hbm.xml
2016-11-26 17:37:51.694-[INFO ] main HbmBinder - Mapping class: cc.lixiaohui.share.model.bean.Role -> role
2016-11-26 17:37:51.707-[INFO ] main Configuration - Reading mappings from resource : mapping/User.hbm.xml
2016-11-26 17:37:51.757-[INFO ] main HbmBinder - Mapping class: cc.lixiaohui.share.model.bean.User -> user
2016-11-26 17:37:51.812-[INFO ] main Configuration - Reading mappings from resource : mapping/Share.hbm.xml
2016-11-26 17:37:51.833-[INFO ] main HbmBinder - Mapping class: cc.lixiaohui.share.model.bean.Share -> share
2016-11-26 17:37:51.834-[INFO ] main HbmBinder - Mapping collection: cc.lixiaohui.share.model.bean.Share.pictures -> share_picture_relation
2016-11-26 17:37:51.835-[INFO ] main Configuration - Reading mappings from resource : mapping/Picture.hbm.xml
2016-11-26 17:37:51.862-[INFO ] main HbmBinder - Mapping class: cc.lixiaohui.share.model.bean.Picture -> picture
2016-11-26 17:37:51.865-[INFO ] main Configuration - Reading mappings from resource : mapping/Praise.hbm.xml
2016-11-26 17:37:51.885-[INFO ] main HbmBinder - Mapping class: cc.lixiaohui.share.model.bean.Praise -> praise
2016-11-26 17:37:51.886-[INFO ] main Configuration - Reading mappings from resource : mapping/ShareCollection.hbm.xml
2016-11-26 17:37:51.901-[INFO ] main HbmBinder - Mapping class: cc.lixiaohui.share.model.bean.ShareCollection -> share_collection
2016-11-26 17:37:51.902-[INFO ] main Configuration - Reading mappings from resource : mapping/UserCollection.hbm.xml
2016-11-26 17:37:51.920-[INFO ] main HbmBinder - Mapping class: cc.lixiaohui.share.model.bean.UserCollection -> user_collection
2016-11-26 17:37:51.921-[INFO ] main Configuration - Reading mappings from resource : mapping/Comment.hbm.xml
2016-11-26 17:37:51.944-[INFO ] main HbmBinder - Mapping class: cc.lixiaohui.share.model.bean.Comment -> comment
2016-11-26 17:37:51.946-[INFO ] main Configuration - Reading mappings from resource : mapping/ForbidenWord.hbm.xml
2016-11-26 17:37:51.968-[INFO ] main HbmBinder - Mapping class: cc.lixiaohui.share.model.bean.ForbidenWord -> forbidenword
2016-11-26 17:37:51.969-[INFO ] main Configuration - Reading mappings from resource : mapping/FriendShip.hbm.xml
2016-11-26 17:37:52.004-[INFO ] main HbmBinder - Mapping class: cc.lixiaohui.share.model.bean.FriendShip -> friendship
2016-11-26 17:37:52.006-[INFO ] main Configuration - Reading mappings from resource : mapping/Sorting.hbm.xml
2016-11-26 17:37:52.032-[INFO ] main HbmBinder - Mapping class: cc.lixiaohui.share.model.bean.Sorting -> sorting
2016-11-26 17:37:52.041-[INFO ] main Configuration - Reading mappings from resource : mapping/ShareReadRecord.hbm.xml
2016-11-26 17:37:52.068-[INFO ] main HbmBinder - Mapping class: cc.lixiaohui.share.model.bean.ShareReadRecord -> share_read_record
2016-11-26 17:37:52.070-[INFO ] main Configuration - Configured SessionFactory: null
2016-11-26 17:37:52.079-[INFO ] main HbmBinder - Mapping collection: cc.lixiaohui.share.model.bean.User.shares -> share
2016-11-26 17:37:52.084-[INFO ] main HbmBinder - Mapping collection: cc.lixiaohui.share.model.bean.User.shareCollections -> share_collection
2016-11-26 17:37:52.085-[INFO ] main HbmBinder - Mapping collection: cc.lixiaohui.share.model.bean.User.userCollections -> user_collection
2016-11-26 17:37:52.087-[INFO ] main HbmBinder - Mapping collection: cc.lixiaohui.share.model.bean.User.commentsByMe -> comment
2016-11-26 17:37:52.088-[INFO ] main HbmBinder - Mapping collection: cc.lixiaohui.share.model.bean.User.commentsForMe -> comment
2016-11-26 17:37:52.089-[INFO ] main HbmBinder - Mapping collection: cc.lixiaohui.share.model.bean.Share.praises -> praise
2016-11-26 17:37:52.090-[INFO ] main HbmBinder - Mapping collection: cc.lixiaohui.share.model.bean.Share.comments -> comment
2016-11-26 17:37:52.090-[INFO ] main HbmBinder - Mapping collection: cc.lixiaohui.share.model.bean.Share.readRecords -> share_read_record
2016-11-26 17:37:52.104-[INFO ] main DriverManagerConnectionProvider - Using Hibernate built-in connection pool (not for production use!)
2016-11-26 17:37:52.105-[INFO ] main DriverManagerConnectionProvider - Hibernate connection pool size: 20
2016-11-26 17:37:52.106-[INFO ] main DriverManagerConnectionProvider - autocommit mode: false
2016-11-26 17:37:52.167-[INFO ] main DriverManagerConnectionProvider - using driver: com.mysql.jdbc.Driver at URL: jdbc:mysql://localhost:3306/sharing
2016-11-26 17:37:52.168-[INFO ] main DriverManagerConnectionProvider - connection properties: {user=root, password=****}
2016-11-26 17:37:52.516-[INFO ] main SettingsFactory - RDBMS: MySQL, version: 5.5.40
2016-11-26 17:37:52.516-[INFO ] main SettingsFactory - JDBC driver: MySQL Connector Java, version: mysql-connector-java-5.1.38 ( Revision: fe541c166cec739c74cc727c5da96c1028b4834a )
2016-11-26 17:37:52.542-[INFO ] main Dialect - Using dialect: org.hibernate.dialect.MySQL5InnoDBDialect
2016-11-26 17:37:52.548-[INFO ] main TransactionFactoryFactory - Using default transaction strategy (direct JDBC transactions)
2016-11-26 17:37:52.550-[INFO ] main TransactionManagerLookupFactory - No TransactionManagerLookup configured (in JTA environment, use of read-write or transactional second-level cache is not recommended)
2016-11-26 17:37:52.550-[INFO ] main SettingsFactory - Automatic flush during beforeCompletion(): disabled
2016-11-26 17:37:52.551-[INFO ] main SettingsFactory - Automatic session close at end of transaction: disabled
2016-11-26 17:37:52.551-[INFO ] main SettingsFactory - JDBC batch size: 15
2016-11-26 17:37:52.552-[INFO ] main SettingsFactory - JDBC batch updates for versioned data: disabled
2016-11-26 17:37:52.555-[INFO ] main SettingsFactory - Scrollable result sets: enabled
2016-11-26 17:37:52.557-[INFO ] main SettingsFactory - JDBC3 getGeneratedKeys(): enabled
2016-11-26 17:37:52.559-[INFO ] main SettingsFactory - Connection release mode: auto
2016-11-26 17:37:52.561-[INFO ] main SettingsFactory - Maximum outer join fetch depth: 2
2016-11-26 17:37:52.561-[INFO ] main SettingsFactory - Default batch fetch size: 1
2016-11-26 17:37:52.562-[INFO ] main SettingsFactory - Generate SQL with comments: enabled
2016-11-26 17:37:52.563-[INFO ] main SettingsFactory - Order SQL updates by primary key: disabled
2016-11-26 17:37:52.563-[INFO ] main SettingsFactory - Order SQL inserts for batching: disabled
2016-11-26 17:37:52.565-[INFO ] main SettingsFactory - Query translator: org.hibernate.hql.ast.ASTQueryTranslatorFactory
2016-11-26 17:37:52.570-[INFO ] main ASTQueryTranslatorFactory - Using ASTQueryTranslatorFactory
2016-11-26 17:37:52.570-[INFO ] main SettingsFactory - Query language substitutions: {}
2016-11-26 17:37:52.571-[INFO ] main SettingsFactory - JPA-QL strict compliance: disabled
2016-11-26 17:37:52.572-[INFO ] main SettingsFactory - Second-level cache: enabled
2016-11-26 17:37:52.573-[INFO ] main SettingsFactory - Query cache: disabled
2016-11-26 17:37:52.573-[INFO ] main SettingsFactory - Cache region factory : org.hibernate.cache.impl.NoCachingRegionFactory
2016-11-26 17:37:52.574-[INFO ] main SettingsFactory - Optimize cache for minimal puts: disabled
2016-11-26 17:37:52.575-[INFO ] main SettingsFactory - Structured second-level cache entries: disabled
2016-11-26 17:37:52.580-[INFO ] main SettingsFactory - Echoing all SQL to stdout
2016-11-26 17:37:52.581-[INFO ] main SettingsFactory - Statistics: disabled
2016-11-26 17:37:52.583-[INFO ] main SettingsFactory - Deleted entity synthetic identifier rollback: disabled
2016-11-26 17:37:52.584-[INFO ] main SettingsFactory - Default entity-mode: pojo
2016-11-26 17:37:52.584-[INFO ] main SettingsFactory - Named query checking : enabled
2016-11-26 17:37:52.714-[INFO ] main SessionFactoryImpl - building session factory
2016-11-26 17:37:53.057-[INFO ] main SessionFactoryObjectFactory - Not binding factory to JNDI, no JNDI name configured
2016-11-26 18:05:08.316-[INFO ] main Environment - Hibernate 3.3.2.GA
2016-11-26 18:05:08.325-[INFO ] main Environment - hibernate.properties not found
2016-11-26 18:05:08.328-[INFO ] main Environment - Bytecode provider name : javassist
2016-11-26 18:05:08.331-[INFO ] main Environment - using JDK 1.4 java.sql.Timestamp handling
2016-11-26 18:05:08.390-[INFO ] main Configuration - configuring from resource: hibernate.cfg.xml
2016-11-26 18:05:08.390-[INFO ] main Configuration - Configuration resource: hibernate.cfg.xml
2016-11-26 18:07:29.110-[INFO ] main Environment - Hibernate 3.3.2.GA
2016-11-26 18:07:29.112-[INFO ] main Environment - hibernate.properties not found
2016-11-26 18:07:29.118-[INFO ] main Environment - Bytecode provider name : javassist
2016-11-26 18:07:29.124-[INFO ] main Environment - using JDK 1.4 java.sql.Timestamp handling
2016-11-26 18:07:29.197-[INFO ] main Configuration - configuring from resource: hibernate.cfg.xml
2016-11-26 18:07:29.199-[INFO ] main Configuration - Configuration resource: hibernate.cfg.xml
2016-11-26 18:07:29.424-[INFO ] main Configuration - Reading mappings from resource : mapping/Role.hbm.xml
2016-11-26 18:07:29.536-[INFO ] main HbmBinder - Mapping class: cc.lixiaohui.share.model.bean.Role -> role
2016-11-26 18:07:29.547-[INFO ] main Configuration - Reading mappings from resource : mapping/User.hbm.xml
2016-11-26 18:07:29.582-[INFO ] main HbmBinder - Mapping class: cc.lixiaohui.share.model.bean.User -> user
2016-11-26 18:07:29.681-[INFO ] main Configuration - Reading mappings from resource : mapping/Share.hbm.xml
2016-11-26 18:07:29.707-[INFO ] main HbmBinder - Mapping class: cc.lixiaohui.share.model.bean.Share -> share
2016-11-26 18:07:29.711-[INFO ] main HbmBinder - Mapping collection: cc.lixiaohui.share.model.bean.Share.pictures -> share_picture_relation
2016-11-26 18:07:29.713-[INFO ] main Configuration - Reading mappings from resource : mapping/Picture.hbm.xml
2016-11-26 18:07:29.738-[INFO ] main HbmBinder - Mapping class: cc.lixiaohui.share.model.bean.Picture -> picture
2016-11-26 18:07:29.740-[INFO ] main Configuration - Reading mappings from resource : mapping/Praise.hbm.xml
2016-11-26 18:07:29.767-[INFO ] main HbmBinder - Mapping class: cc.lixiaohui.share.model.bean.Praise -> praise
2016-11-26 18:07:29.768-[INFO ] main Configuration - Reading mappings from resource : mapping/ShareCollection.hbm.xml
2016-11-26 18:07:29.787-[INFO ] main HbmBinder - Mapping class: cc.lixiaohui.share.model.bean.ShareCollection -> share_collection
2016-11-26 18:07:29.788-[INFO ] main Configuration - Reading mappings from resource : mapping/UserCollection.hbm.xml
2016-11-26 18:07:29.811-[INFO ] main HbmBinder - Mapping class: cc.lixiaohui.share.model.bean.UserCollection -> user_collection
2016-11-26 18:07:29.812-[INFO ] main Configuration - Reading mappings from resource : mapping/Comment.hbm.xml
2016-11-26 18:07:29.840-[INFO ] main HbmBinder - Mapping class: cc.lixiaohui.share.model.bean.Comment -> comment
2016-11-26 18:07:29.841-[INFO ] main Configuration - Reading mappings from resource : mapping/ForbidenWord.hbm.xml
2016-11-26 18:07:29.874-[INFO ] main HbmBinder - Mapping class: cc.lixiaohui.share.model.bean.ForbidenWord -> forbidenword
2016-11-26 18:07:29.877-[INFO ] main Configuration - Reading mappings from resource : mapping/FriendShip.hbm.xml
2016-11-26 18:07:29.902-[INFO ] main HbmBinder - Mapping class: cc.lixiaohui.share.model.bean.FriendShip -> friendship
2016-11-26 18:07:29.903-[INFO ] main Configuration - Reading mappings from resource : mapping/Sorting.hbm.xml
2016-11-26 18:07:29.930-[INFO ] main HbmBinder - Mapping class: cc.lixiaohui.share.model.bean.Sorting -> sorting
2016-11-26 18:13:49.344-[INFO ] main Environment - Hibernate 3.3.2.GA
2016-11-26 18:13:49.346-[INFO ] main Environment - hibernate.properties not found
2016-11-26 18:13:49.351-[INFO ] main Environment - Bytecode provider name : javassist
2016-11-26 18:13:49.357-[INFO ] main Environment - using JDK 1.4 java.sql.Timestamp handling
2016-11-26 18:13:49.427-[INFO ] main Configuration - configuring from resource: hibernate.cfg.xml
2016-11-26 18:13:49.433-[INFO ] main Configuration - Configuration resource: hibernate.cfg.xml
2016-11-26 18:13:49.493-[INFO ] main Configuration - Reading mappings from resource : mapping/Role.hbm.xml
2016-11-26 18:13:49.609-[INFO ] main HbmBinder - Mapping class: cc.lixiaohui.share.server.model.bean.Role -> role
2016-11-26 18:13:49.624-[INFO ] main Configuration - Reading mappings from resource : mapping/User.hbm.xml
2016-11-26 18:13:49.664-[INFO ] main HbmBinder - Mapping class: cc.lixiaohui.share.server.model.bean.User -> user
2016-11-26 18:13:49.716-[INFO ] main Configuration - Reading mappings from resource : mapping/Share.hbm.xml
2016-11-26 18:13:49.748-[INFO ] main HbmBinder - Mapping class: cc.lixiaohui.share.server.model.bean.Share -> share
2016-11-26 18:13:49.750-[INFO ] main HbmBinder - Mapping collection: cc.lixiaohui.share.server.model.bean.Share.pictures -> share_picture_relation
2016-11-26 18:13:49.751-[INFO ] main Configuration - Reading mappings from resource : mapping/Picture.hbm.xml
2016-11-26 18:13:49.774-[INFO ] main HbmBinder - Mapping class: cc.lixiaohui.share.server.model.bean.Picture -> picture
2016-11-26 18:13:49.775-[INFO ] main Configuration - Reading mappings from resource : mapping/Praise.hbm.xml
2016-11-26 18:13:49.800-[INFO ] main HbmBinder - Mapping class: cc.lixiaohui.share.server.model.bean.Praise -> praise
2016-11-26 18:13:49.801-[INFO ] main Configuration - Reading mappings from resource : mapping/ShareCollection.hbm.xml
2016-11-26 18:13:49.822-[INFO ] main HbmBinder - Mapping class: cc.lixiaohui.share.server.model.bean.ShareCollection -> share_collection
2016-11-26 18:13:49.823-[INFO ] main Configuration - Reading mappings from resource : mapping/UserCollection.hbm.xml
2016-11-26 18:13:49.849-[INFO ] main HbmBinder - Mapping class: cc.lixiaohui.share.server.model.bean.UserCollection -> user_collection
2016-11-26 18:13:49.851-[INFO ] main Configuration - Reading mappings from resource : mapping/Comment.hbm.xml
2016-11-26 18:13:49.905-[INFO ] main HbmBinder - Mapping class: cc.lixiaohui.share.server.model.bean.Comment -> comment
2016-11-26 18:13:49.907-[INFO ] main Configuration - Reading mappings from resource : mapping/ForbidenWord.hbm.xml
2016-11-26 18:13:49.934-[INFO ] main HbmBinder - Mapping class: cc.lixiaohui.share.server.model.bean.ForbidenWord -> forbidenword
2016-11-26 18:13:49.936-[INFO ] main Configuration - Reading mappings from resource : mapping/FriendShip.hbm.xml
2016-11-26 18:13:49.964-[INFO ] main HbmBinder - Mapping class: cc.lixiaohui.share.server.model.bean.FriendShip -> friendship
2016-11-26 18:13:49.965-[INFO ] main Configuration - Reading mappings from resource : mapping/Sorting.hbm.xml
2016-11-26 18:13:49.993-[INFO ] main HbmBinder - Mapping class: cc.lixiaohui.share.server.model.bean.Sorting -> sorting
2016-11-26 18:13:50.109-[INFO ] main Configuration - Reading mappings from resource : mapping/ShareReadRecord.hbm.xml
2016-11-26 18:13:50.127-[INFO ] main HbmBinder - Mapping class: cc.lixiaohui.share.server.model.bean.ShareReadRecord -> share_read_record
2016-11-26 18:13:50.128-[INFO ] main Configuration - Configured SessionFactory: null
2016-11-26 18:13:50.131-[INFO ] main HbmBinder - Mapping collection: cc.lixiaohui.share.server.model.bean.User.shares -> share
2016-11-26 18:13:50.132-[INFO ] main HbmBinder - Mapping collection: cc.lixiaohui.share.server.model.bean.User.shareCollections -> share_collection
2016-11-26 18:13:50.133-[INFO ] main HbmBinder - Mapping collection: cc.lixiaohui.share.server.model.bean.User.userCollections -> user_collection
2016-11-26 18:13:50.133-[INFO ] main HbmBinder - Mapping collection: cc.lixiaohui.share.server.model.bean.User.commentsByMe -> comment
2016-11-26 18:13:50.134-[INFO ] main HbmBinder - Mapping collection: cc.lixiaohui.share.server.model.bean.User.commentsForMe -> comment
2016-11-26 18:13:50.136-[INFO ] main HbmBinder - Mapping collection: cc.lixiaohui.share.server.model.bean.Share.praises -> praise
2016-11-26 18:13:50.136-[INFO ] main HbmBinder - Mapping collection: cc.lixiaohui.share.server.model.bean.Share.comments -> comment
2016-11-26 18:13:50.137-[INFO ] main HbmBinder - Mapping collection: cc.lixiaohui.share.server.model.bean.Share.readRecords -> share_read_record
2016-11-26 18:14:54.604-[INFO ] main Environment - Hibernate 3.3.2.GA
2016-11-26 18:14:54.606-[INFO ] main Environment - hibernate.properties not found
2016-11-26 18:14:54.611-[INFO ] main Environment - Bytecode provider name : javassist
2016-11-26 18:14:54.616-[INFO ] main Environment - using JDK 1.4 java.sql.Timestamp handling
2016-11-26 18:14:54.680-[INFO ] main Configuration - configuring from resource: hibernate.cfg.xml
2016-11-26 18:14:54.681-[INFO ] main Configuration - Configuration resource: hibernate.cfg.xml
2016-11-26 18:14:54.738-[INFO ] main Configuration - Reading mappings from resource : mapping/Role.hbm.xml
2016-11-26 18:14:54.839-[INFO ] main HbmBinder - Mapping class: cc.lixiaohui.share.server.model.bean.Role -> role
2016-11-26 18:14:54.854-[INFO ] main Configuration - Reading mappings from resource : mapping/User.hbm.xml
2016-11-26 18:14:54.887-[INFO ] main HbmBinder - Mapping class: cc.lixiaohui.share.server.model.bean.User -> user
2016-11-26 18:14:54.932-[INFO ] main Configuration - Reading mappings from resource : mapping/Share.hbm.xml
2016-11-26 18:14:54.958-[INFO ] main HbmBinder - Mapping class: cc.lixiaohui.share.server.model.bean.Share -> share
2016-11-26 18:14:54.962-[INFO ] main HbmBinder - Mapping collection: cc.lixiaohui.share.server.model.bean.Share.pictures -> share_picture_relation
2016-11-26 18:14:54.964-[INFO ] main Configuration - Reading mappings from resource : mapping/Picture.hbm.xml
2016-11-26 18:14:54.983-[INFO ] main HbmBinder - Mapping class: cc.lixiaohui.share.server.model.bean.Picture -> picture
2016-11-26 18:14:54.984-[INFO ] main Configuration - Reading mappings from resource : mapping/Praise.hbm.xml
2016-11-26 18:14:55.007-[INFO ] main HbmBinder - Mapping class: cc.lixiaohui.share.server.model.bean.Praise -> praise
2016-11-26 18:14:55.008-[INFO ] main Configuration - Reading mappings from resource : mapping/ShareCollection.hbm.xml
2016-11-26 18:14:55.026-[INFO ] main HbmBinder - Mapping class: cc.lixiaohui.share.server.model.bean.ShareCollection -> share_collection
2016-11-26 18:14:55.028-[INFO ] main Configuration - Reading mappings from resource : mapping/UserCollection.hbm.xml
2016-11-26 18:14:55.051-[INFO ] main HbmBinder - Mapping class: cc.lixiaohui.share.server.model.bean.UserCollection -> user_collection
2016-11-26 18:14:55.065-[INFO ] main Configuration - Reading mappings from resource : mapping/Comment.hbm.xml
2016-11-26 18:14:55.092-[INFO ] main HbmBinder - Mapping class: cc.lixiaohui.share.server.model.bean.Comment -> comment
2016-11-26 18:14:55.094-[INFO ] main Configuration - Reading mappings from resource : mapping/ForbidenWord.hbm.xml
2016-11-26 18:14:55.117-[INFO ] main HbmBinder - Mapping class: cc.lixiaohui.share.server.model.bean.ForbidenWord -> forbidenword
2016-11-26 18:14:55.118-[INFO ] main Configuration - Reading mappings from resource : mapping/FriendShip.hbm.xml
2016-11-26 18:14:55.151-[INFO ] main HbmBinder - Mapping class: cc.lixiaohui.share.server.model.bean.FriendShip -> friendship
2016-11-26 18:14:55.155-[INFO ] main Configuration - Reading mappings from resource : mapping/Sorting.hbm.xml
2016-11-26 18:14:55.180-[INFO ] main HbmBinder - Mapping class: cc.lixiaohui.share.server.model.bean.Sorting -> sorting
2016-11-26 18:14:55.192-[INFO ] main Configuration - Reading mappings from resource : mapping/ShareReadRecord.hbm.xml
2016-11-26 18:14:55.214-[INFO ] main HbmBinder - Mapping class: cc.lixiaohui.share.server.model.bean.ShareReadRecord -> share_read_record
2016-11-26 18:14:55.215-[INFO ] main Configuration - Configured SessionFactory: null
2016-11-26 18:14:55.218-[INFO ] main HbmBinder - Mapping collection: cc.lixiaohui.share.server.model.bean.User.shares -> share
2016-11-26 18:14:55.219-[INFO ] main HbmBinder - Mapping collection: cc.lixiaohui.share.server.model.bean.User.shareCollections -> share_collection
2016-11-26 18:14:55.219-[INFO ] main HbmBinder - Mapping collection: cc.lixiaohui.share.server.model.bean.User.userCollections -> user_collection
2016-11-26 18:14:55.219-[INFO ] main HbmBinder - Mapping collection: cc.lixiaohui.share.server.model.bean.User.commentsByMe -> comment
2016-11-26 18:14:55.220-[INFO ] main HbmBinder - Mapping collection: cc.lixiaohui.share.server.model.bean.User.commentsForMe -> comment
2016-11-26 18:14:55.220-[INFO ] main HbmBinder - Mapping collection: cc.lixiaohui.share.server.model.bean.Share.praises -> praise
2016-11-26 18:14:55.220-[INFO ] main HbmBinder - Mapping collection: cc.lixiaohui.share.server.model.bean.Share.comments -> comment
2016-11-26 18:14:55.221-[INFO ] main HbmBinder - Mapping collection: cc.lixiaohui.share.server.model.bean.Share.readRecords -> share_read_record
2016-11-26 18:14:55.257-[INFO ] main DriverManagerConnectionProvider - Using Hibernate built-in connection pool (not for production use!)
2016-11-26 18:14:55.257-[INFO ] main DriverManagerConnectionProvider - Hibernate connection pool size: 20
2016-11-26 18:14:55.258-[INFO ] main DriverManagerConnectionProvider - autocommit mode: false
2016-11-26 18:14:55.311-[INFO ] main DriverManagerConnectionProvider - using driver: com.mysql.jdbc.Driver at URL: jdbc:mysql://localhost:3306/sharing
2016-11-26 18:14:55.312-[INFO ] main DriverManagerConnectionProvider - connection properties: {user=root, password=****}
2016-11-26 18:14:55.847-[INFO ] main SettingsFactory - RDBMS: MySQL, version: 5.5.40
2016-11-26 18:14:55.847-[INFO ] main SettingsFactory - JDBC driver: MySQL Connector Java, version: mysql-connector-java-5.1.38 ( Revision: fe541c166cec739c74cc727c5da96c1028b4834a )
2016-11-26 18:14:55.931-[INFO ] main Dialect - Using dialect: org.hibernate.dialect.MySQL5InnoDBDialect
2016-11-26 18:14:55.937-[INFO ] main TransactionFactoryFactory - Using default transaction strategy (direct JDBC transactions)
2016-11-26 18:14:55.940-[INFO ] main TransactionManagerLookupFactory - No TransactionManagerLookup configured (in JTA environment, use of read-write or transactional second-level cache is not recommended)
2016-11-26 18:14:55.940-[INFO ] main SettingsFactory - Automatic flush during beforeCompletion(): disabled
2016-11-26 18:14:55.941-[INFO ] main SettingsFactory - Automatic session close at end of transaction: disabled
2016-11-26 18:14:55.941-[INFO ] main SettingsFactory - JDBC batch size: 15
2016-11-26 18:14:55.942-[INFO ] main SettingsFactory - JDBC batch updates for versioned data: disabled
2016-11-26 18:14:55.950-[INFO ] main SettingsFactory - Scrollable result sets: enabled
2016-11-26 18:14:55.951-[INFO ] main SettingsFactory - JDBC3 getGeneratedKeys(): enabled
2016-11-26 18:14:55.952-[INFO ] main SettingsFactory - Connection release mode: auto
2016-11-26 18:14:55.953-[INFO ] main SettingsFactory - Maximum outer join fetch depth: 2
2016-11-26 18:14:55.954-[INFO ] main SettingsFactory - Default batch fetch size: 1
2016-11-26 18:14:55.954-[INFO ] main SettingsFactory - Generate SQL with comments: enabled
2016-11-26 18:14:55.954-[INFO ] main SettingsFactory - Order SQL updates by primary key: disabled
2016-11-26 18:14:55.954-[INFO ] main SettingsFactory - Order SQL inserts for batching: disabled
2016-11-26 18:14:55.954-[INFO ] main SettingsFactory - Query translator: org.hibernate.hql.ast.ASTQueryTranslatorFactory
2016-11-26 18:14:56.035-[INFO ] main ASTQueryTranslatorFactory - Using ASTQueryTranslatorFactory
2016-11-26 18:14:56.035-[INFO ] main SettingsFactory - Query language substitutions: {}
2016-11-26 18:14:56.036-[INFO ] main SettingsFactory - JPA-QL strict compliance: disabled
2016-11-26 18:14:56.036-[INFO ] main SettingsFactory - Second-level cache: enabled
2016-11-26 18:14:56.036-[INFO ] main SettingsFactory - Query cache: disabled
2016-11-26 18:14:56.036-[INFO ] main SettingsFactory - Cache region factory : org.hibernate.cache.impl.NoCachingRegionFactory
2016-11-26 18:14:56.037-[INFO ] main SettingsFactory - Optimize cache for minimal puts: disabled
2016-11-26 18:14:56.037-[INFO ] main SettingsFactory - Structured second-level cache entries: disabled
2016-11-26 18:14:56.042-[INFO ] main SettingsFactory - Echoing all SQL to stdout
2016-11-26 18:14:56.043-[INFO ] main SettingsFactory - Statistics: disabled
2016-11-26 18:14:56.043-[INFO ] main SettingsFactory - Deleted entity synthetic identifier rollback: disabled
2016-11-26 18:14:56.043-[INFO ] main SettingsFactory - Default entity-mode: pojo
2016-11-26 18:14:56.043-[INFO ] main SettingsFactory - Named query checking : enabled
2016-11-26 18:14:56.243-[INFO ] main SessionFactoryImpl - building session factory
2016-11-26 18:14:56.689-[INFO ] main SessionFactoryObjectFactory - Not binding factory to JNDI, no JNDI name configured
2016-11-26 18:18:49.038-[INFO ] main Environment - Hibernate 3.3.2.GA
2016-11-26 18:18:49.042-[INFO ] main Environment - hibernate.properties not found
2016-11-26 18:18:49.047-[INFO ] main Environment - Bytecode provider name : javassist
2016-11-26 18:18:49.051-[INFO ] main Environment - using JDK 1.4 java.sql.Timestamp handling
2016-11-26 18:18:49.121-[INFO ] main Configuration - configuring from resource: hibernate.cfg.xml
2016-11-26 18:18:49.121-[INFO ] main Configuration - Configuration resource: hibernate.cfg.xml
2016-11-26 18:18:49.174-[INFO ] main Configuration - Reading mappings from resource : mapping/Role.hbm.xml
2016-11-26 18:18:49.271-[INFO ] main HbmBinder - Mapping class: cc.lixiaohui.share.server.model.bean.Role -> role
2016-11-26 18:18:49.288-[INFO ] main Configuration - Reading mappings from resource : mapping/User.hbm.xml
2016-11-26 18:18:49.325-[INFO ] main HbmBinder - Mapping class: cc.lixiaohui.share.server.model.bean.User -> user
2016-11-26 18:18:49.371-[INFO ] main Configuration - Reading mappings from resource : mapping/Share.hbm.xml
2016-11-26 18:18:49.393-[INFO ] main HbmBinder - Mapping class: cc.lixiaohui.share.server.model.bean.Share -> share
2016-11-26 18:18:49.394-[INFO ] main HbmBinder - Mapping collection: cc.lixiaohui.share.server.model.bean.Share.pictures -> share_picture_relation
2016-11-26 18:18:49.396-[INFO ] main Configuration - Reading mappings from resource : mapping/Picture.hbm.xml
2016-11-26 18:18:49.417-[INFO ] main HbmBinder - Mapping class: cc.lixiaohui.share.server.model.bean.Picture -> picture
2016-11-26 18:18:49.418-[INFO ] main Configuration - Reading mappings from resource : mapping/Praise.hbm.xml
2016-11-26 18:18:49.445-[INFO ] main HbmBinder - Mapping class: cc.lixiaohui.share.server.model.bean.Praise -> praise
2016-11-26 18:18:49.446-[INFO ] main Configuration - Reading mappings from resource : mapping/ShareCollection.hbm.xml
2016-11-26 18:18:49.477-[INFO ] main HbmBinder - Mapping class: cc.lixiaohui.share.server.model.bean.ShareCollection -> share_collection
2016-11-26 18:18:49.479-[INFO ] main Configuration - Reading mappings from resource : mapping/UserCollection.hbm.xml
2016-11-26 18:18:49.504-[INFO ] main HbmBinder - Mapping class: cc.lixiaohui.share.server.model.bean.UserCollection -> user_collection
2016-11-26 18:18:49.507-[INFO ] main Configuration - Reading mappings from resource : mapping/Comment.hbm.xml
2016-11-26 18:18:49.531-[INFO ] main HbmBinder - Mapping class: cc.lixiaohui.share.server.model.bean.Comment -> comment
2016-11-26 18:18:49.533-[INFO ] main Configuration - Reading mappings from resource : mapping/ForbidenWord.hbm.xml
2016-11-26 18:18:49.548-[INFO ] main HbmBinder - Mapping class: cc.lixiaohui.share.server.model.bean.ForbidenWord -> forbidenword
2016-11-26 18:18:49.548-[INFO ] main Configuration - Reading mappings from resource : mapping/FriendShip.hbm.xml
2016-11-26 18:18:49.565-[INFO ] main HbmBinder - Mapping class: cc.lixiaohui.share.server.model.bean.FriendShip -> friendship
2016-11-26 18:18:49.566-[INFO ] main Configuration - Reading mappings from resource : mapping/Sorting.hbm.xml
2016-11-26 18:18:49.586-[INFO ] main HbmBinder - Mapping class: cc.lixiaohui.share.server.model.bean.Sorting -> sorting
2016-11-26 18:18:49.608-[INFO ] main Configuration - Reading mappings from resource : mapping/ShareReadRecord.hbm.xml
2016-11-26 18:18:49.636-[INFO ] main HbmBinder - Mapping class: cc.lixiaohui.share.server.model.bean.ShareReadRecord -> share_read_record
2016-11-26 18:18:49.638-[INFO ] main Configuration - Configured SessionFactory: null
2016-11-26 18:18:49.642-[INFO ] main HbmBinder - Mapping collection: cc.lixiaohui.share.server.model.bean.User.shares -> share
2016-11-26 18:18:49.643-[INFO ] main HbmBinder - Mapping collection: cc.lixiaohui.share.server.model.bean.User.shareCollections -> share_collection
2016-11-26 18:18:49.643-[INFO ] main HbmBinder - Mapping collection: cc.lixiaohui.share.server.model.bean.User.userCollections -> user_collection
2016-11-26 18:18:49.644-[INFO ] main HbmBinder - Mapping collection: cc.lixiaohui.share.server.model.bean.User.commentsByMe -> comment
2016-11-26 18:18:49.644-[INFO ] main HbmBinder - Mapping collection: cc.lixiaohui.share.server.model.bean.User.commentsForMe -> comment
2016-11-26 18:18:49.645-[INFO ] main HbmBinder - Mapping collection: cc.lixiaohui.share.server.model.bean.Share.praises -> praise
2016-11-26 18:18:49.645-[INFO ] main HbmBinder - Mapping collection: cc.lixiaohui.share.server.model.bean.Share.comments -> comment
2016-11-26 18:18:49.646-[INFO ] main HbmBinder - Mapping collection: cc.lixiaohui.share.server.model.bean.Share.readRecords -> share_read_record
2016-11-26 18:18:49.665-[INFO ] main DriverManagerConnectionProvider - Using Hibernate built-in connection pool (not for production use!)
2016-11-26 18:18:49.666-[INFO ] main DriverManagerConnectionProvider - Hibernate connection pool size: 20
2016-11-26 18:18:49.666-[INFO ] main DriverManagerConnectionProvider - autocommit mode: false
2016-11-26 18:18:49.680-[INFO ] main DriverManagerConnectionProvider - using driver: com.mysql.jdbc.Driver at URL: jdbc:mysql://localhost:3306/sharing
2016-11-26 18:18:49.681-[INFO ] main DriverManagerConnectionProvider - connection properties: {user=root, password=****}
2016-11-26 18:18:50.052-[INFO ] main SettingsFactory - RDBMS: MySQL, version: 5.5.40
2016-11-26 18:18:50.052-[INFO ] main SettingsFactory - JDBC driver: MySQL Connector Java, version: mysql-connector-java-5.1.38 ( Revision: fe541c166cec739c74cc727c5da96c1028b4834a )
2016-11-26 18:18:50.094-[INFO ] main Dialect - Using dialect: org.hibernate.dialect.MySQL5InnoDBDialect
2016-11-26 18:18:50.098-[INFO ] main TransactionFactoryFactory - Using default transaction strategy (direct JDBC transactions)
2016-11-26 18:18:50.100-[INFO ] main TransactionManagerLookupFactory - No TransactionManagerLookup configured (in JTA environment, use of read-write or transactional second-level cache is not recommended)
2016-11-26 18:18:50.100-[INFO ] main SettingsFactory - Automatic flush during beforeCompletion(): disabled
2016-11-26 18:18:50.100-[INFO ] main SettingsFactory - Automatic session close at end of transaction: disabled
2016-11-26 18:18:50.101-[INFO ] main SettingsFactory - JDBC batch size: 15
2016-11-26 18:18:50.101-[INFO ] main SettingsFactory - JDBC batch updates for versioned data: disabled
2016-11-26 18:18:50.102-[INFO ] main SettingsFactory - Scrollable result sets: enabled
2016-11-26 18:18:50.102-[INFO ] main SettingsFactory - JDBC3 getGeneratedKeys(): enabled
2016-11-26 18:18:50.102-[INFO ] main SettingsFactory - Connection release mode: auto
2016-11-26 18:18:50.103-[INFO ] main SettingsFactory - Maximum outer join fetch depth: 2
2016-11-26 18:18:50.104-[INFO ] main SettingsFactory - Default batch fetch size: 1
2016-11-26 18:18:50.104-[INFO ] main SettingsFactory - Generate SQL with comments: enabled
2016-11-26 18:18:50.104-[INFO ] main SettingsFactory - Order SQL updates by primary key: disabled
2016-11-26 18:18:50.104-[INFO ] main SettingsFactory - Order SQL inserts for batching: disabled
2016-11-26 18:18:50.104-[INFO ] main SettingsFactory - Query translator: org.hibernate.hql.ast.ASTQueryTranslatorFactory
2016-11-26 18:18:50.107-[INFO ] main ASTQueryTranslatorFactory - Using ASTQueryTranslatorFactory
2016-11-26 18:18:50.108-[INFO ] main SettingsFactory - Query language substitutions: {}
2016-11-26 18:18:50.108-[INFO ] main SettingsFactory - JPA-QL strict compliance: disabled
2016-11-26 18:18:50.108-[INFO ] main SettingsFactory - Second-level cache: enabled
2016-11-26 18:18:50.108-[INFO ] main SettingsFactory - Query cache: disabled
2016-11-26 18:18:50.108-[INFO ] main SettingsFactory - Cache region factory : org.hibernate.cache.impl.NoCachingRegionFactory
2016-11-26 18:18:50.109-[INFO ] main SettingsFactory - Optimize cache for minimal puts: disabled
2016-11-26 18:18:50.110-[INFO ] main SettingsFactory - Structured second-level cache entries: disabled
2016-11-26 18:18:50.116-[INFO ] main SettingsFactory - Echoing all SQL to stdout
2016-11-26 18:18:50.117-[INFO ] main SettingsFactory - Statistics: disabled
2016-11-26 18:18:50.118-[INFO ] main SettingsFactory - Deleted entity synthetic identifier rollback: disabled
2016-11-26 18:18:50.118-[INFO ] main SettingsFactory - Default entity-mode: pojo
2016-11-26 18:18:50.118-[INFO ] main SettingsFactory - Named query checking : enabled
2016-11-26 18:18:50.163-[INFO ] main SessionFactoryImpl - building session factory
2016-11-26 18:18:50.536-[INFO ] main SessionFactoryObjectFactory - Not binding factory to JNDI, no JNDI name configured
2016-11-26 18:22:36.934-[INFO ] main Environment - Hibernate 3.3.2.GA
2016-11-26 18:22:36.936-[INFO ] main Environment - hibernate.properties not found
2016-11-26 18:22:36.939-[INFO ] main Environment - Bytecode provider name : javassist
2016-11-26 18:22:36.943-[INFO ] main Environment - using JDK 1.4 java.sql.Timestamp handling
2016-11-26 18:22:37.015-[INFO ] main Configuration - configuring from resource: hibernate.cfg.xml
2016-11-26 18:22:37.016-[INFO ] main Configuration - Configuration resource: hibernate.cfg.xml
2016-11-26 18:22:37.072-[INFO ] main Configuration - Reading mappings from resource : mapping/Role.hbm.xml
2016-11-26 18:22:37.173-[INFO ] main HbmBinder - Mapping class: cc.lixiaohui.share.server.model.bean.Role -> role
2016-11-26 18:22:37.190-[INFO ] main Configuration - Reading mappings from resource : mapping/User.hbm.xml
2016-11-26 18:22:37.225-[INFO ] main HbmBinder - Mapping class: cc.lixiaohui.share.server.model.bean.User -> user
2016-11-26 18:22:37.271-[INFO ] main Configuration - Reading mappings from resource : mapping/Share.hbm.xml
2016-11-26 18:22:37.301-[INFO ] main HbmBinder - Mapping class: cc.lixiaohui.share.server.model.bean.Share -> share
2016-11-26 18:22:37.302-[INFO ] main HbmBinder - Mapping collection: cc.lixiaohui.share.server.model.bean.Share.pictures -> share_picture_relation
2016-11-26 18:22:37.304-[INFO ] main Configuration - Reading mappings from resource : mapping/Picture.hbm.xml
2016-11-26 18:22:37.325-[INFO ] main HbmBinder - Mapping class: cc.lixiaohui.share.server.model.bean.Picture -> picture
2016-11-26 18:22:37.327-[INFO ] main Configuration - Reading mappings from resource : mapping/Praise.hbm.xml
2016-11-26 18:22:37.351-[INFO ] main HbmBinder - Mapping class: cc.lixiaohui.share.server.model.bean.Praise -> praise
2016-11-26 18:22:37.351-[INFO ] main Configuration - Reading mappings from resource : mapping/ShareCollection.hbm.xml
2016-11-26 18:22:37.371-[INFO ] main HbmBinder - Mapping class: cc.lixiaohui.share.server.model.bean.ShareCollection -> share_collection
2016-11-26 18:22:37.372-[INFO ] main Configuration - Reading mappings from resource : mapping/UserCollection.hbm.xml
2016-11-26 18:22:37.394-[INFO ] main HbmBinder - Mapping class: cc.lixiaohui.share.server.model.bean.UserCollection -> user_collection
2016-11-26 18:22:37.396-[INFO ] main Configuration - Reading mappings from resource : mapping/Comment.hbm.xml
2016-11-26 18:22:37.425-[INFO ] main HbmBinder - Mapping class: cc.lixiaohui.share.server.model.bean.Comment -> comment
2016-11-26 18:22:37.437-[INFO ] main Configuration - Reading mappings from resource : mapping/ForbidenWord.hbm.xml
2016-11-26 18:22:37.480-[INFO ] main HbmBinder - Mapping class: cc.lixiaohui.share.server.model.bean.ForbidenWord -> forbidenword
2016-11-26 18:22:37.496-[INFO ] main Configuration - Reading mappings from resource : mapping/FriendShip.hbm.xml
2016-11-26 18:22:37.519-[INFO ] main HbmBinder - Mapping class: cc.lixiaohui.share.server.model.bean.FriendShip -> friendship
2016-11-26 18:22:37.521-[INFO ] main Configuration - Reading mappings from resource : mapping/Sorting.hbm.xml
2016-11-26 18:22:37.544-[INFO ] main HbmBinder - Mapping class: cc.lixiaohui.share.server.model.bean.Sorting -> sorting
2016-11-26 18:22:37.556-[INFO ] main Configuration - Reading mappings from resource : mapping/ShareReadRecord.hbm.xml
2016-11-26 18:22:37.578-[INFO ] main HbmBinder - Mapping class: cc.lixiaohui.share.server.model.bean.ShareReadRecord -> share_read_record
2016-11-26 18:22:37.581-[INFO ] main Configuration - Configured SessionFactory: null
2016-11-26 18:22:37.585-[INFO ] main HbmBinder - Mapping collection: cc.lixiaohui.share.server.model.bean.User.shares -> share
2016-11-26 18:22:37.586-[INFO ] main HbmBinder - Mapping collection: cc.lixiaohui.share.server.model.bean.User.shareCollections -> share_collection
2016-11-26 18:22:37.586-[INFO ] main HbmBinder - Mapping collection: cc.lixiaohui.share.server.model.bean.User.userCollections -> user_collection
2016-11-26 18:22:37.586-[INFO ] main HbmBinder - Mapping collection: cc.lixiaohui.share.server.model.bean.User.commentsByMe -> comment
2016-11-26 18:22:37.587-[INFO ] main HbmBinder - Mapping collection: cc.lixiaohui.share.server.model.bean.User.commentsForMe -> comment
2016-11-26 18:22:37.587-[INFO ] main HbmBinder - Mapping collection: cc.lixiaohui.share.server.model.bean.Share.praises -> praise
2016-11-26 18:22:37.588-[INFO ] main HbmBinder - Mapping collection: cc.lixiaohui.share.server.model.bean.Share.comments -> comment
2016-11-26 18:22:37.588-[INFO ] main HbmBinder - Mapping collection: cc.lixiaohui.share.server.model.bean.Share.readRecords -> share_read_record
2016-11-26 18:22:37.600-[INFO ] main DriverManagerConnectionProvider - Using Hibernate built-in connection pool (not for production use!)
2016-11-26 18:22:37.601-[INFO ] main DriverManagerConnectionProvider - Hibernate connection pool size: 20
2016-11-26 18:22:37.601-[INFO ] main DriverManagerConnectionProvider - autocommit mode: false
2016-11-26 18:22:37.629-[INFO ] main DriverManagerConnectionProvider - using driver: com.mysql.jdbc.Driver at URL: jdbc:mysql://localhost:3306/sharing
2016-11-26 18:22:37.635-[INFO ] main DriverManagerConnectionProvider - connection properties: {user=root, password=****}
2016-11-26 18:22:38.011-[INFO ] main SettingsFactory - RDBMS: MySQL, version: 5.5.40
2016-11-26 18:22:38.011-[INFO ] main SettingsFactory - JDBC driver: MySQL Connector Java, version: mysql-connector-java-5.1.38 ( Revision: fe541c166cec739c74cc727c5da96c1028b4834a )
2016-11-26 18:22:38.037-[INFO ] main Dialect - Using dialect: org.hibernate.dialect.MySQL5InnoDBDialect
2016-11-26 18:22:38.042-[INFO ] main TransactionFactoryFactory - Using default transaction strategy (direct JDBC transactions)
2016-11-26 18:22:38.044-[INFO ] main TransactionManagerLookupFactory - No TransactionManagerLookup configured (in JTA environment, use of read-write or transactional second-level cache is not recommended)
2016-11-26 18:22:38.045-[INFO ] main SettingsFactory - Automatic flush during beforeCompletion(): disabled
2016-11-26 18:22:38.045-[INFO ] main SettingsFactory - Automatic session close at end of transaction: disabled
2016-11-26 18:22:38.045-[INFO ] main SettingsFactory - JDBC batch size: 15
2016-11-26 18:22:38.045-[INFO ] main SettingsFactory - JDBC batch updates for versioned data: disabled
2016-11-26 18:22:38.046-[INFO ] main SettingsFactory - Scrollable result sets: enabled
2016-11-26 18:22:38.046-[INFO ] main SettingsFactory - JDBC3 getGeneratedKeys(): enabled
2016-11-26 18:22:38.047-[INFO ] main SettingsFactory - Connection release mode: auto
2016-11-26 18:22:38.048-[INFO ] main SettingsFactory - Maximum outer join fetch depth: 2
2016-11-26 18:22:38.048-[INFO ] main SettingsFactory - Default batch fetch size: 1
2016-11-26 18:22:38.048-[INFO ] main SettingsFactory - Generate SQL with comments: enabled
2016-11-26 18:22:38.049-[INFO ] main SettingsFactory - Order SQL updates by primary key: disabled
2016-11-26 18:22:38.049-[INFO ] main SettingsFactory - Order SQL inserts for batching: disabled
2016-11-26 18:22:38.049-[INFO ] main SettingsFactory - Query translator: org.hibernate.hql.ast.ASTQueryTranslatorFactory
2016-11-26 18:22:38.051-[INFO ] main ASTQueryTranslatorFactory - Using ASTQueryTranslatorFactory
2016-11-26 18:22:38.052-[INFO ] main SettingsFactory - Query language substitutions: {}
2016-11-26 18:22:38.052-[INFO ] main SettingsFactory - JPA-QL strict compliance: disabled
2016-11-26 18:22:38.052-[INFO ] main SettingsFactory - Second-level cache: enabled
2016-11-26 18:22:38.052-[INFO ] main SettingsFactory - Query cache: disabled
2016-11-26 18:22:38.052-[INFO ] main SettingsFactory - Cache region factory : org.hibernate.cache.impl.NoCachingRegionFactory
2016-11-26 18:22:38.053-[INFO ] main SettingsFactory - Optimize cache for minimal puts: disabled
2016-11-26 18:22:38.053-[INFO ] main SettingsFactory - Structured second-level cache entries: disabled
2016-11-26 18:22:38.057-[INFO ] main SettingsFactory - Echoing all SQL to stdout
2016-11-26 18:22:38.058-[INFO ] main SettingsFactory - Statistics: disabled
2016-11-26 18:22:38.058-[INFO ] main SettingsFactory - Deleted entity synthetic identifier rollback: disabled
2016-11-26 18:22:38.059-[INFO ] main SettingsFactory - Default entity-mode: pojo
2016-11-26 18:22:38.059-[INFO ] main SettingsFactory - Named query checking : enabled
2016-11-26 18:22:38.102-[INFO ] main SessionFactoryImpl - building session factory
2016-11-26 18:22:38.445-[INFO ] main SessionFactoryObjectFactory - Not binding factory to JNDI, no JNDI name configured
